
ustar_mp v1.0
by Alessio Ribeca

scientific contact: darpap at unitus dot it
technical contact: a dot ribeca at unitus dot it

DIBAF - University of Tuscia, Viterbo, Italy
(builded on Jan 30 2018 at 19:32:17 with GNU C 4.8.4)
(use -h parameter for more information)

input path = mpt/input/Whroo_L3_2011_MPT.csv
output path = mpt/output/
import mpt/input/Whroo_L3_2011_MPT.csv: ok
       17520 rows, 554 valid rows, 16933 daytime
       season 1: january february march 
       season 2: april may june 
       season 3: july agoust september 
       season 4: october november december 

computing ustar thresholds with 7 ta classes and 20 ustar classes...ok
bootstrapping (100 times)...ok
done.

1 file founded: 1 processed, 0 skipped.


ustar_mp v1.0
by Alessio Ribeca

scientific contact: darpap at unitus dot it
technical contact: a dot ribeca at unitus dot it

DIBAF - University of Tuscia, Viterbo, Italy
(builded on Jan 30 2018 at 19:32:17 with GNU C 4.8.4)
(use -h parameter for more information)

input path = mpt/input/Whroo_L3_2012_MPT.csv
output path = mpt/output/
import mpt/input/Whroo_L3_2012_MPT.csv: ok
       17568 rows, 7974 valid rows, 8572 daytime
       season 1: january february march 
       season 2: april may june 
       season 3: july agoust september 
       season 4: october november december 

computing ustar thresholds with 7 ta classes and 20 ustar classes...ok
bootstrapping (100 times)...ok
done.

1 file founded: 1 processed, 0 skipped.


ustar_mp v1.0
by Alessio Ribeca

scientific contact: darpap at unitus dot it
technical contact: a dot ribeca at unitus dot it

DIBAF - University of Tuscia, Viterbo, Italy
(builded on Jan 30 2018 at 19:32:17 with GNU C 4.8.4)
(use -h parameter for more information)

input path = mpt/input/Whroo_L3_2013_MPT.csv
output path = mpt/output/
import mpt/input/Whroo_L3_2013_MPT.csv: ok
       17520 rows, 7776 valid rows, 8594 daytime
       season 1: january february march 
       season 2: april may june 
       season 3: july agoust september 
       season 4: october november december 

computing ustar thresholds with 7 ta classes and 20 ustar classes...ok
bootstrapping (100 times)...ok
done.

1 file founded: 1 processed, 0 skipped.


ustar_mp v1.0
by Alessio Ribeca

scientific contact: darpap at unitus dot it
technical contact: a dot ribeca at unitus dot it

DIBAF - University of Tuscia, Viterbo, Italy
(builded on Jan 30 2018 at 19:32:17 with GNU C 4.8.4)
(use -h parameter for more information)

input path = mpt/input/Whroo_L3_2014_MPT.csv
output path = mpt/output/
import mpt/input/Whroo_L3_2014_MPT.csv: ok
       17520 rows, 7537 valid rows, 8770 daytime
       season 1: january february march 
       season 2: april may june 
       season 3: july agoust september 
       season 4: october november december 

computing ustar thresholds with 7 ta classes and 20 ustar classes...ok
bootstrapping (100 times)...ok
done.

1 file founded: 1 processed, 0 skipped.


ustar_mp v1.0
by Alessio Ribeca

scientific contact: darpap at unitus dot it
technical contact: a dot ribeca at unitus dot it

DIBAF - University of Tuscia, Viterbo, Italy
(builded on Jan 30 2018 at 19:32:17 with GNU C 4.8.4)
(use -h parameter for more information)

input path = mpt/input/Whroo_L3_2015_MPT.csv
output path = mpt/output/
import mpt/input/Whroo_L3_2015_MPT.csv: ok
       17520 rows, 6572 valid rows, 8810 daytime
       season 1: january february march 
       season 2: april may june 
       season 3: july agoust september 
       season 4: october november december 

computing ustar thresholds with 7 ta classes and 20 ustar classes...ok
bootstrapping (100 times)...ok
done.

1 file founded: 1 processed, 0 skipped.

