PRINT OUT WHAT JUST READ:
nNode: 1
ndaFactor: 0
Learning Rate = 0.001
No. of Iteration = 500
fileNameWin: solo/output/sofm_4.out
fileNameData: solo/input/seqsolo_input.csv
typeOfSimu: simulation
iniSeed: 9100
calThreshold: 0
fileNameEignValue: solo/output/eigenValue.out
fileNameEignVector: solo/output/eigenVector.out
fileNameWout: solo/output/trainWout.out
fileNameFreq: solo/output/freqTable.out
fileNameErrMap: solo/output/errorMap.out
fileNameFinResult: solo/output/finResult.out
noObsData: -9999
Number of rows is 51478, number of drivers is 3
Training iteration No.: 0  rmseSeq= 2.50525   rmseBat= 2.48128
Training iteration No.: 1  rmseSeq= 2.47703   rmseBat= 2.47718
Training iteration No.: 2  rmseSeq= 2.47408   rmseBat= 2.47515
Training iteration No.: 3  rmseSeq= 2.47228   rmseBat= 2.47353
Training iteration No.: 4  rmseSeq= 2.47082   rmseBat= 2.47218
Training iteration No.: 5  rmseSeq= 2.46961   rmseBat= 2.47104
Training iteration No.: 6  rmseSeq= 2.46858   rmseBat= 2.47008
Training iteration No.: 7  rmseSeq= 2.46772   rmseBat= 2.46927
Training iteration No.: 8  rmseSeq= 2.46698   rmseBat= 2.46858
Training iteration No.: 9  rmseSeq= 2.46636   rmseBat= 2.46799
Training iteration No.: 10  rmseSeq= 2.46582   rmseBat= 2.46748
Training iteration No.: 11  rmseSeq= 2.46536   rmseBat= 2.46704
Training iteration No.: 12  rmseSeq= 2.46496   rmseBat= 2.46666
Training iteration No.: 13  rmseSeq= 2.46461   rmseBat= 2.46633
Training iteration No.: 14  rmseSeq= 2.4643   rmseBat= 2.46603
Training iteration No.: 15  rmseSeq= 2.46403   rmseBat= 2.46577
Training iteration No.: 16  rmseSeq= 2.46379   rmseBat= 2.46553
Training iteration No.: 17  rmseSeq= 2.46357   rmseBat= 2.46532
Training iteration No.: 18  rmseSeq= 2.46337   rmseBat= 2.46512
Training iteration No.: 19  rmseSeq= 2.4632   rmseBat= 2.46495
Training iteration No.: 20  rmseSeq= 2.46303   rmseBat= 2.46479
Training iteration No.: 21  rmseSeq= 2.46288   rmseBat= 2.46463
Training iteration No.: 22  rmseSeq= 2.46274   rmseBat= 2.46449
Training iteration No.: 23  rmseSeq= 2.4626   rmseBat= 2.46436
Training iteration No.: 24  rmseSeq= 2.46248   rmseBat= 2.46424
Training iteration No.: 25  rmseSeq= 2.46236   rmseBat= 2.46412
Training iteration No.: 26  rmseSeq= 2.46225   rmseBat= 2.464
Training iteration No.: 27  rmseSeq= 2.46215   rmseBat= 2.4639
Training iteration No.: 28  rmseSeq= 2.46204   rmseBat= 2.46379
Training iteration No.: 29  rmseSeq= 2.46195   rmseBat= 2.4637
Training iteration No.: 30  rmseSeq= 2.46186   rmseBat= 2.4636
Training iteration No.: 31  rmseSeq= 2.46177   rmseBat= 2.46351
Training iteration No.: 32  rmseSeq= 2.46168   rmseBat= 2.46343
Training iteration No.: 33  rmseSeq= 2.4616   rmseBat= 2.46334
Training iteration No.: 34  rmseSeq= 2.46152   rmseBat= 2.46326
Training iteration No.: 35  rmseSeq= 2.46145   rmseBat= 2.46318
Training iteration No.: 36  rmseSeq= 2.46137   rmseBat= 2.46311
Training iteration No.: 37  rmseSeq= 2.4613   rmseBat= 2.46303
Training iteration No.: 38  rmseSeq= 2.46123   rmseBat= 2.46296
Training iteration No.: 39  rmseSeq= 2.46116   rmseBat= 2.46289
Training iteration No.: 40  rmseSeq= 2.4611   rmseBat= 2.46283
Training iteration No.: 41  rmseSeq= 2.46103   rmseBat= 2.46276
Training iteration No.: 42  rmseSeq= 2.46097   rmseBat= 2.4627
Training iteration No.: 43  rmseSeq= 2.46092   rmseBat= 2.46264
Training iteration No.: 44  rmseSeq= 2.46086   rmseBat= 2.46258
Training iteration No.: 45  rmseSeq= 2.4608   rmseBat= 2.46252
Training iteration No.: 46  rmseSeq= 2.46075   rmseBat= 2.46247
Training iteration No.: 47  rmseSeq= 2.4607   rmseBat= 2.46241
Training iteration No.: 48  rmseSeq= 2.46065   rmseBat= 2.46236
Training iteration No.: 49  rmseSeq= 2.4606   rmseBat= 2.46231
Training iteration No.: 50  rmseSeq= 2.46055   rmseBat= 2.46226
Training iteration No.: 51  rmseSeq= 2.4605   rmseBat= 2.46221
Training iteration No.: 52  rmseSeq= 2.46046   rmseBat= 2.46217
Training iteration No.: 53  rmseSeq= 2.46042   rmseBat= 2.46212
Training iteration No.: 54  rmseSeq= 2.46037   rmseBat= 2.46208
Training iteration No.: 55  rmseSeq= 2.46033   rmseBat= 2.46204
Training iteration No.: 56  rmseSeq= 2.46029   rmseBat= 2.462
Training iteration No.: 57  rmseSeq= 2.46025   rmseBat= 2.46196
Training iteration No.: 58  rmseSeq= 2.46022   rmseBat= 2.46192
Training iteration No.: 59  rmseSeq= 2.46018   rmseBat= 2.46188
Training iteration No.: 60  rmseSeq= 2.46015   rmseBat= 2.46185
Training iteration No.: 61  rmseSeq= 2.46011   rmseBat= 2.46181
Training iteration No.: 62  rmseSeq= 2.46008   rmseBat= 2.46178
Training iteration No.: 63  rmseSeq= 2.46005   rmseBat= 2.46174
Training iteration No.: 64  rmseSeq= 2.46002   rmseBat= 2.46171
Training iteration No.: 65  rmseSeq= 2.45999   rmseBat= 2.46168
Training iteration No.: 66  rmseSeq= 2.45996   rmseBat= 2.46165
Training iteration No.: 67  rmseSeq= 2.45993   rmseBat= 2.46162
Training iteration No.: 68  rmseSeq= 2.4599   rmseBat= 2.46159
Training iteration No.: 69  rmseSeq= 2.45988   rmseBat= 2.46156
Training iteration No.: 70  rmseSeq= 2.45985   rmseBat= 2.46154
Training iteration No.: 71  rmseSeq= 2.45983   rmseBat= 2.46151
Training iteration No.: 72  rmseSeq= 2.4598   rmseBat= 2.46149
Training iteration No.: 73  rmseSeq= 2.45978   rmseBat= 2.46146
Training iteration No.: 74  rmseSeq= 2.45976   rmseBat= 2.46144
Training iteration No.: 75  rmseSeq= 2.45973   rmseBat= 2.46142
Training iteration No.: 76  rmseSeq= 2.45971   rmseBat= 2.46139
Training iteration No.: 77  rmseSeq= 2.45969   rmseBat= 2.46137
Training iteration No.: 78  rmseSeq= 2.45967   rmseBat= 2.46135
Training iteration No.: 79  rmseSeq= 2.45965   rmseBat= 2.46133
Training iteration No.: 80  rmseSeq= 2.45963   rmseBat= 2.46131
Training iteration No.: 81  rmseSeq= 2.45962   rmseBat= 2.46129
Training iteration No.: 82  rmseSeq= 2.4596   rmseBat= 2.46128
Training iteration No.: 83  rmseSeq= 2.45958   rmseBat= 2.46126
Training iteration No.: 84  rmseSeq= 2.45956   rmseBat= 2.46124
Training iteration No.: 85  rmseSeq= 2.45955   rmseBat= 2.46122
Training iteration No.: 86  rmseSeq= 2.45953   rmseBat= 2.46121
Training iteration No.: 87  rmseSeq= 2.45952   rmseBat= 2.46119
Training iteration No.: 88  rmseSeq= 2.4595   rmseBat= 2.46118
Training iteration No.: 89  rmseSeq= 2.45949   rmseBat= 2.46116
Training iteration No.: 90  rmseSeq= 2.45948   rmseBat= 2.46115
Training iteration No.: 91  rmseSeq= 2.45946   rmseBat= 2.46113
Training iteration No.: 92  rmseSeq= 2.45945   rmseBat= 2.46112
Training iteration No.: 93  rmseSeq= 2.45944   rmseBat= 2.46111
Training iteration No.: 94  rmseSeq= 2.45942   rmseBat= 2.46109
Training iteration No.: 95  rmseSeq= 2.45941   rmseBat= 2.46108
Training iteration No.: 96  rmseSeq= 2.4594   rmseBat= 2.46107
Training iteration No.: 97  rmseSeq= 2.45939   rmseBat= 2.46106
Training iteration No.: 98  rmseSeq= 2.45938   rmseBat= 2.46104
Training iteration No.: 99  rmseSeq= 2.45937   rmseBat= 2.46103
Training iteration No.: 100  rmseSeq= 2.45936   rmseBat= 2.46102
Training iteration No.: 101  rmseSeq= 2.45935   rmseBat= 2.46101
Training iteration No.: 102  rmseSeq= 2.45934   rmseBat= 2.461
Training iteration No.: 103  rmseSeq= 2.45933   rmseBat= 2.46099
Training iteration No.: 104  rmseSeq= 2.45932   rmseBat= 2.46098
Training iteration No.: 105  rmseSeq= 2.45931   rmseBat= 2.46097
Training iteration No.: 106  rmseSeq= 2.4593   rmseBat= 2.46097
Training iteration No.: 107  rmseSeq= 2.4593   rmseBat= 2.46096
Training iteration No.: 108  rmseSeq= 2.45929   rmseBat= 2.46095
Training iteration No.: 109  rmseSeq= 2.45928   rmseBat= 2.46094
Training iteration No.: 110  rmseSeq= 2.45928   rmseBat= 2.46093
Training iteration No.: 111  rmseSeq= 2.45927   rmseBat= 2.46092
Training iteration No.: 112  rmseSeq= 2.45926   rmseBat= 2.46092
Training iteration No.: 113  rmseSeq= 2.45925   rmseBat= 2.46091
Training iteration No.: 114  rmseSeq= 2.45924   rmseBat= 2.4609
Training iteration No.: 115  rmseSeq= 2.45924   rmseBat= 2.4609
Training iteration No.: 116  rmseSeq= 2.45923   rmseBat= 2.46089
Training iteration No.: 117  rmseSeq= 2.45923   rmseBat= 2.46088
Training iteration No.: 118  rmseSeq= 2.45922   rmseBat= 2.46088
Training iteration No.: 119  rmseSeq= 2.45922   rmseBat= 2.46087
Training iteration No.: 120  rmseSeq= 2.45921   rmseBat= 2.46087
Training iteration No.: 121  rmseSeq= 2.4592   rmseBat= 2.46086
Training iteration No.: 122  rmseSeq= 2.4592   rmseBat= 2.46085
Training iteration No.: 123  rmseSeq= 2.4592   rmseBat= 2.46085
Training iteration No.: 124  rmseSeq= 2.45919   rmseBat= 2.46084
Training iteration No.: 125  rmseSeq= 2.45918   rmseBat= 2.46084
Training iteration No.: 126  rmseSeq= 2.45918   rmseBat= 2.46083
Training iteration No.: 127  rmseSeq= 2.45918   rmseBat= 2.46083
Training iteration No.: 128  rmseSeq= 2.45917   rmseBat= 2.46083
Training iteration No.: 129  rmseSeq= 2.45917   rmseBat= 2.46082
Training iteration No.: 130  rmseSeq= 2.45916   rmseBat= 2.46082
Training iteration No.: 131  rmseSeq= 2.45916   rmseBat= 2.46081
Training iteration No.: 132  rmseSeq= 2.45916   rmseBat= 2.46081
Training iteration No.: 133  rmseSeq= 2.45915   rmseBat= 2.4608
Training iteration No.: 134  rmseSeq= 2.45915   rmseBat= 2.4608
Training iteration No.: 135  rmseSeq= 2.45915   rmseBat= 2.4608
Training iteration No.: 136  rmseSeq= 2.45914   rmseBat= 2.46079
Training iteration No.: 137  rmseSeq= 2.45914   rmseBat= 2.46079
Training iteration No.: 138  rmseSeq= 2.45914   rmseBat= 2.46079
Training iteration No.: 139  rmseSeq= 2.45913   rmseBat= 2.46078
Training iteration No.: 140  rmseSeq= 2.45913   rmseBat= 2.46078
Training iteration No.: 141  rmseSeq= 2.45913   rmseBat= 2.46078
Training iteration No.: 142  rmseSeq= 2.45912   rmseBat= 2.46078
Training iteration No.: 143  rmseSeq= 2.45912   rmseBat= 2.46077
Training iteration No.: 144  rmseSeq= 2.45912   rmseBat= 2.46077
Training iteration No.: 145  rmseSeq= 2.45912   rmseBat= 2.46077
Training iteration No.: 146  rmseSeq= 2.45912   rmseBat= 2.46076
Training iteration No.: 147  rmseSeq= 2.45911   rmseBat= 2.46076
Training iteration No.: 148  rmseSeq= 2.45911   rmseBat= 2.46076
Training iteration No.: 149  rmseSeq= 2.45911   rmseBat= 2.46076
Training iteration No.: 150  rmseSeq= 2.45911   rmseBat= 2.46076
Training iteration No.: 151  rmseSeq= 2.45911   rmseBat= 2.46075
Training iteration No.: 152  rmseSeq= 2.4591   rmseBat= 2.46075
Training iteration No.: 153  rmseSeq= 2.4591   rmseBat= 2.46075
Training iteration No.: 154  rmseSeq= 2.4591   rmseBat= 2.46075
Training iteration No.: 155  rmseSeq= 2.4591   rmseBat= 2.46075
Training iteration No.: 156  rmseSeq= 2.4591   rmseBat= 2.46074
Training iteration No.: 157  rmseSeq= 2.4591   rmseBat= 2.46074
Training iteration No.: 158  rmseSeq= 2.45909   rmseBat= 2.46074
Training iteration No.: 159  rmseSeq= 2.45909   rmseBat= 2.46074
Training iteration No.: 160  rmseSeq= 2.45909   rmseBat= 2.46074
Training iteration No.: 161  rmseSeq= 2.45909   rmseBat= 2.46074
Training iteration No.: 162  rmseSeq= 2.45909   rmseBat= 2.46073
Training iteration No.: 163  rmseSeq= 2.45909   rmseBat= 2.46073
Training iteration No.: 164  rmseSeq= 2.45909   rmseBat= 2.46073
Training iteration No.: 165  rmseSeq= 2.45909   rmseBat= 2.46073
Training iteration No.: 166  rmseSeq= 2.45908   rmseBat= 2.46073
Training iteration No.: 167  rmseSeq= 2.45908   rmseBat= 2.46073
Training iteration No.: 168  rmseSeq= 2.45908   rmseBat= 2.46073
Training iteration No.: 169  rmseSeq= 2.45908   rmseBat= 2.46073
Training iteration No.: 170  rmseSeq= 2.45908   rmseBat= 2.46072
Training iteration No.: 171  rmseSeq= 2.45908   rmseBat= 2.46072
Training iteration No.: 172  rmseSeq= 2.45908   rmseBat= 2.46072
Training iteration No.: 173  rmseSeq= 2.45908   rmseBat= 2.46072
Training iteration No.: 174  rmseSeq= 2.45908   rmseBat= 2.46072
Training iteration No.: 175  rmseSeq= 2.45908   rmseBat= 2.46072
Training iteration No.: 176  rmseSeq= 2.45907   rmseBat= 2.46072
Training iteration No.: 177  rmseSeq= 2.45907   rmseBat= 2.46072
Training iteration No.: 178  rmseSeq= 2.45907   rmseBat= 2.46072
Training iteration No.: 179  rmseSeq= 2.45907   rmseBat= 2.46072
Training iteration No.: 180  rmseSeq= 2.45907   rmseBat= 2.46072
Training iteration No.: 181  rmseSeq= 2.45907   rmseBat= 2.46072
Training iteration No.: 182  rmseSeq= 2.45907   rmseBat= 2.46072
Training iteration No.: 183  rmseSeq= 2.45907   rmseBat= 2.46072
Training iteration No.: 184  rmseSeq= 2.45907   rmseBat= 2.46072
Training iteration No.: 185  rmseSeq= 2.45907   rmseBat= 2.46072
Training iteration No.: 186  rmseSeq= 2.45907   rmseBat= 2.46072
Training iteration No.: 187  rmseSeq= 2.45907   rmseBat= 2.46072
Training iteration No.: 188  rmseSeq= 2.45907   rmseBat= 2.46071
Training iteration No.: 189  rmseSeq= 2.45907   rmseBat= 2.46071
Training iteration No.: 190  rmseSeq= 2.45907   rmseBat= 2.46071
Training iteration No.: 191  rmseSeq= 2.45907   rmseBat= 2.46071
Training iteration No.: 192  rmseSeq= 2.45907   rmseBat= 2.46071
Training iteration No.: 193  rmseSeq= 2.45907   rmseBat= 2.46071
Training iteration No.: 194  rmseSeq= 2.45907   rmseBat= 2.46071
Training iteration No.: 195  rmseSeq= 2.45907   rmseBat= 2.46071
Training iteration No.: 196  rmseSeq= 2.45907   rmseBat= 2.46071
Training iteration No.: 197  rmseSeq= 2.45907   rmseBat= 2.46071
Training iteration No.: 198  rmseSeq= 2.45907   rmseBat= 2.46071
Training iteration No.: 199  rmseSeq= 2.45907   rmseBat= 2.46071
Training iteration No.: 200  rmseSeq= 2.45907   rmseBat= 2.46071
Training iteration No.: 201  rmseSeq= 2.45907   rmseBat= 2.46071
Training iteration No.: 202  rmseSeq= 2.45907   rmseBat= 2.46071
Training iteration No.: 203  rmseSeq= 2.45907   rmseBat= 2.46071
Training iteration No.: 204  rmseSeq= 2.45907   rmseBat= 2.46071
Training iteration No.: 205  rmseSeq= 2.45907   rmseBat= 2.46071
Training iteration No.: 206  rmseSeq= 2.45907   rmseBat= 2.46071
Training iteration No.: 207  rmseSeq= 2.45907   rmseBat= 2.46071
Training iteration No.: 208  rmseSeq= 2.45907   rmseBat= 2.46071
Training iteration No.: 209  rmseSeq= 2.45907   rmseBat= 2.46071
Training iteration No.: 210  rmseSeq= 2.45907   rmseBat= 2.46071
Training iteration No.: 211  rmseSeq= 2.45907   rmseBat= 2.46071
Training iteration No.: 212  rmseSeq= 2.45907   rmseBat= 2.46071
Training iteration No.: 213  rmseSeq= 2.45907   rmseBat= 2.46071
Training iteration No.: 214  rmseSeq= 2.45907   rmseBat= 2.46071
Training iteration No.: 215  rmseSeq= 2.45907   rmseBat= 2.46071
Training iteration No.: 216  rmseSeq= 2.45907   rmseBat= 2.46071
Training iteration No.: 217  rmseSeq= 2.45907   rmseBat= 2.46071
Training iteration No.: 218  rmseSeq= 2.45907   rmseBat= 2.46071
Training iteration No.: 219  rmseSeq= 2.45907   rmseBat= 2.46072
Training iteration No.: 220  rmseSeq= 2.45907   rmseBat= 2.46072
Training iteration No.: 221  rmseSeq= 2.45907   rmseBat= 2.46072
Training iteration No.: 222  rmseSeq= 2.45907   rmseBat= 2.46072
Training iteration No.: 223  rmseSeq= 2.45907   rmseBat= 2.46072
Training iteration No.: 224  rmseSeq= 2.45907   rmseBat= 2.46072
Training iteration No.: 225  rmseSeq= 2.45907   rmseBat= 2.46072
Training iteration No.: 226  rmseSeq= 2.45907   rmseBat= 2.46072
Training iteration No.: 227  rmseSeq= 2.45907   rmseBat= 2.46072
Training iteration No.: 228  rmseSeq= 2.45907   rmseBat= 2.46072
Training iteration No.: 229  rmseSeq= 2.45908   rmseBat= 2.46072
Training iteration No.: 230  rmseSeq= 2.45908   rmseBat= 2.46072
Training iteration No.: 231  rmseSeq= 2.45908   rmseBat= 2.46072
Training iteration No.: 232  rmseSeq= 2.45908   rmseBat= 2.46072
Training iteration No.: 233  rmseSeq= 2.45908   rmseBat= 2.46072
Training iteration No.: 234  rmseSeq= 2.45908   rmseBat= 2.46072
Training iteration No.: 235  rmseSeq= 2.45908   rmseBat= 2.46072
Training iteration No.: 236  rmseSeq= 2.45908   rmseBat= 2.46072
Training iteration No.: 237  rmseSeq= 2.45908   rmseBat= 2.46072
Training iteration No.: 238  rmseSeq= 2.45908   rmseBat= 2.46072
Training iteration No.: 239  rmseSeq= 2.45908   rmseBat= 2.46072
Training iteration No.: 240  rmseSeq= 2.45908   rmseBat= 2.46073
Training iteration No.: 241  rmseSeq= 2.45908   rmseBat= 2.46073
Training iteration No.: 242  rmseSeq= 2.45908   rmseBat= 2.46073
Training iteration No.: 243  rmseSeq= 2.45908   rmseBat= 2.46073
Training iteration No.: 244  rmseSeq= 2.45908   rmseBat= 2.46073
Training iteration No.: 245  rmseSeq= 2.45908   rmseBat= 2.46073
Training iteration No.: 246  rmseSeq= 2.45908   rmseBat= 2.46073
Training iteration No.: 247  rmseSeq= 2.45909   rmseBat= 2.46073
Training iteration No.: 248  rmseSeq= 2.45909   rmseBat= 2.46073
Training iteration No.: 249  rmseSeq= 2.45909   rmseBat= 2.46073
Training iteration No.: 250  rmseSeq= 2.45908   rmseBat= 2.46073
Training iteration No.: 251  rmseSeq= 2.45909   rmseBat= 2.46073
Training iteration No.: 252  rmseSeq= 2.45909   rmseBat= 2.46073
Training iteration No.: 253  rmseSeq= 2.45909   rmseBat= 2.46073
Training iteration No.: 254  rmseSeq= 2.45909   rmseBat= 2.46073
Training iteration No.: 255  rmseSeq= 2.45909   rmseBat= 2.46073
Training iteration No.: 256  rmseSeq= 2.45909   rmseBat= 2.46074
Training iteration No.: 257  rmseSeq= 2.45909   rmseBat= 2.46074
Training iteration No.: 258  rmseSeq= 2.45909   rmseBat= 2.46074
Training iteration No.: 259  rmseSeq= 2.45909   rmseBat= 2.46074
Training iteration No.: 260  rmseSeq= 2.45909   rmseBat= 2.46074
Training iteration No.: 261  rmseSeq= 2.45909   rmseBat= 2.46074
Training iteration No.: 262  rmseSeq= 2.45909   rmseBat= 2.46074
Training iteration No.: 263  rmseSeq= 2.45909   rmseBat= 2.46074
Training iteration No.: 264  rmseSeq= 2.45909   rmseBat= 2.46074
Training iteration No.: 265  rmseSeq= 2.45909   rmseBat= 2.46074
Training iteration No.: 266  rmseSeq= 2.4591   rmseBat= 2.46074
Training iteration No.: 267  rmseSeq= 2.4591   rmseBat= 2.46074
Training iteration No.: 268  rmseSeq= 2.4591   rmseBat= 2.46074
Training iteration No.: 269  rmseSeq= 2.4591   rmseBat= 2.46074
Training iteration No.: 270  rmseSeq= 2.4591   rmseBat= 2.46074
Training iteration No.: 271  rmseSeq= 2.4591   rmseBat= 2.46075
Training iteration No.: 272  rmseSeq= 2.4591   rmseBat= 2.46074
Training iteration No.: 273  rmseSeq= 2.4591   rmseBat= 2.46075
Training iteration No.: 274  rmseSeq= 2.4591   rmseBat= 2.46075
Training iteration No.: 275  rmseSeq= 2.4591   rmseBat= 2.46075
Training iteration No.: 276  rmseSeq= 2.4591   rmseBat= 2.46075
Training iteration No.: 277  rmseSeq= 2.4591   rmseBat= 2.46075
Training iteration No.: 278  rmseSeq= 2.4591   rmseBat= 2.46075
Training iteration No.: 279  rmseSeq= 2.4591   rmseBat= 2.46075
Training iteration No.: 280  rmseSeq= 2.4591   rmseBat= 2.46075
Training iteration No.: 281  rmseSeq= 2.4591   rmseBat= 2.46075
Training iteration No.: 282  rmseSeq= 2.45911   rmseBat= 2.46075
Training iteration No.: 283  rmseSeq= 2.45911   rmseBat= 2.46075
Training iteration No.: 284  rmseSeq= 2.45911   rmseBat= 2.46075
Training iteration No.: 285  rmseSeq= 2.45911   rmseBat= 2.46076
Training iteration No.: 286  rmseSeq= 2.45911   rmseBat= 2.46076
Training iteration No.: 287  rmseSeq= 2.45911   rmseBat= 2.46076
Training iteration No.: 288  rmseSeq= 2.45911   rmseBat= 2.46076
Training iteration No.: 289  rmseSeq= 2.45911   rmseBat= 2.46076
Training iteration No.: 290  rmseSeq= 2.45911   rmseBat= 2.46076
Training iteration No.: 291  rmseSeq= 2.45911   rmseBat= 2.46076
Training iteration No.: 292  rmseSeq= 2.45911   rmseBat= 2.46076
Training iteration No.: 293  rmseSeq= 2.45911   rmseBat= 2.46076
Training iteration No.: 294  rmseSeq= 2.45911   rmseBat= 2.46076
Training iteration No.: 295  rmseSeq= 2.45911   rmseBat= 2.46076
Training iteration No.: 296  rmseSeq= 2.45912   rmseBat= 2.46076
Training iteration No.: 297  rmseSeq= 2.45912   rmseBat= 2.46076
Training iteration No.: 298  rmseSeq= 2.45912   rmseBat= 2.46076
Training iteration No.: 299  rmseSeq= 2.45912   rmseBat= 2.46077
Training iteration No.: 300  rmseSeq= 2.45912   rmseBat= 2.46077
Training iteration No.: 301  rmseSeq= 2.45912   rmseBat= 2.46077
Training iteration No.: 302  rmseSeq= 2.45912   rmseBat= 2.46077
Training iteration No.: 303  rmseSeq= 2.45912   rmseBat= 2.46077
Training iteration No.: 304  rmseSeq= 2.45912   rmseBat= 2.46077
Training iteration No.: 305  rmseSeq= 2.45912   rmseBat= 2.46077
Training iteration No.: 306  rmseSeq= 2.45912   rmseBat= 2.46077
Training iteration No.: 307  rmseSeq= 2.45912   rmseBat= 2.46077
Training iteration No.: 308  rmseSeq= 2.45912   rmseBat= 2.46077
Training iteration No.: 309  rmseSeq= 2.45912   rmseBat= 2.46077
Training iteration No.: 310  rmseSeq= 2.45912   rmseBat= 2.46077
Training iteration No.: 311  rmseSeq= 2.45913   rmseBat= 2.46077
Training iteration No.: 312  rmseSeq= 2.45913   rmseBat= 2.46077
Training iteration No.: 313  rmseSeq= 2.45913   rmseBat= 2.46077
Training iteration No.: 314  rmseSeq= 2.45913   rmseBat= 2.46077
Training iteration No.: 315  rmseSeq= 2.45913   rmseBat= 2.46078
Training iteration No.: 316  rmseSeq= 2.45913   rmseBat= 2.46078
Training iteration No.: 317  rmseSeq= 2.45913   rmseBat= 2.46078
Training iteration No.: 318  rmseSeq= 2.45913   rmseBat= 2.46078
Training iteration No.: 319  rmseSeq= 2.45913   rmseBat= 2.46078
Training iteration No.: 320  rmseSeq= 2.45913   rmseBat= 2.46078
Training iteration No.: 321  rmseSeq= 2.45913   rmseBat= 2.46078
Training iteration No.: 322  rmseSeq= 2.45913   rmseBat= 2.46078
Training iteration No.: 323  rmseSeq= 2.45913   rmseBat= 2.46078
Training iteration No.: 324  rmseSeq= 2.45913   rmseBat= 2.46078
Training iteration No.: 325  rmseSeq= 2.45913   rmseBat= 2.46078
Training iteration No.: 326  rmseSeq= 2.45913   rmseBat= 2.46078
Training iteration No.: 327  rmseSeq= 2.45913   rmseBat= 2.46079
Training iteration No.: 328  rmseSeq= 2.45914   rmseBat= 2.46079
Training iteration No.: 329  rmseSeq= 2.45914   rmseBat= 2.46079
Training iteration No.: 330  rmseSeq= 2.45914   rmseBat= 2.46079
Training iteration No.: 331  rmseSeq= 2.45914   rmseBat= 2.46079
Training iteration No.: 332  rmseSeq= 2.45914   rmseBat= 2.46079
Training iteration No.: 333  rmseSeq= 2.45914   rmseBat= 2.46079
Training iteration No.: 334  rmseSeq= 2.45914   rmseBat= 2.46079
Training iteration No.: 335  rmseSeq= 2.45914   rmseBat= 2.46079
Training iteration No.: 336  rmseSeq= 2.45914   rmseBat= 2.46079
Training iteration No.: 337  rmseSeq= 2.45914   rmseBat= 2.46079
Training iteration No.: 338  rmseSeq= 2.45914   rmseBat= 2.46079
Training iteration No.: 339  rmseSeq= 2.45914   rmseBat= 2.46079
Training iteration No.: 340  rmseSeq= 2.45914   rmseBat= 2.4608
Training iteration No.: 341  rmseSeq= 2.45915   rmseBat= 2.4608
Training iteration No.: 342  rmseSeq= 2.45915   rmseBat= 2.46079
Training iteration No.: 343  rmseSeq= 2.45915   rmseBat= 2.4608
Training iteration No.: 344  rmseSeq= 2.45915   rmseBat= 2.4608
Training iteration No.: 345  rmseSeq= 2.45915   rmseBat= 2.4608
Training iteration No.: 346  rmseSeq= 2.45915   rmseBat= 2.4608
Training iteration No.: 347  rmseSeq= 2.45915   rmseBat= 2.4608
Training iteration No.: 348  rmseSeq= 2.45915   rmseBat= 2.4608
Training iteration No.: 349  rmseSeq= 2.45915   rmseBat= 2.4608
Training iteration No.: 350  rmseSeq= 2.45915   rmseBat= 2.4608
Training iteration No.: 351  rmseSeq= 2.45915   rmseBat= 2.4608
Training iteration No.: 352  rmseSeq= 2.45915   rmseBat= 2.4608
Training iteration No.: 353  rmseSeq= 2.45915   rmseBat= 2.4608
Training iteration No.: 354  rmseSeq= 2.45915   rmseBat= 2.4608
Training iteration No.: 355  rmseSeq= 2.45915   rmseBat= 2.4608
Training iteration No.: 356  rmseSeq= 2.45915   rmseBat= 2.4608
Training iteration No.: 357  rmseSeq= 2.45916   rmseBat= 2.46081
Training iteration No.: 358  rmseSeq= 2.45916   rmseBat= 2.46081
Training iteration No.: 359  rmseSeq= 2.45916   rmseBat= 2.46081
Training iteration No.: 360  rmseSeq= 2.45916   rmseBat= 2.46081
Training iteration No.: 361  rmseSeq= 2.45916   rmseBat= 2.46081
Training iteration No.: 362  rmseSeq= 2.45916   rmseBat= 2.46081
Training iteration No.: 363  rmseSeq= 2.45916   rmseBat= 2.46081
Training iteration No.: 364  rmseSeq= 2.45916   rmseBat= 2.46081
Training iteration No.: 365  rmseSeq= 2.45916   rmseBat= 2.46081
Training iteration No.: 366  rmseSeq= 2.45916   rmseBat= 2.46081
Training iteration No.: 367  rmseSeq= 2.45916   rmseBat= 2.46081
Training iteration No.: 368  rmseSeq= 2.45916   rmseBat= 2.46081
Training iteration No.: 369  rmseSeq= 2.45916   rmseBat= 2.46082
Training iteration No.: 370  rmseSeq= 2.45916   rmseBat= 2.46081
Training iteration No.: 371  rmseSeq= 2.45916   rmseBat= 2.46081
Training iteration No.: 372  rmseSeq= 2.45916   rmseBat= 2.46082
Training iteration No.: 373  rmseSeq= 2.45916   rmseBat= 2.46082
Training iteration No.: 374  rmseSeq= 2.45916   rmseBat= 2.46082
Training iteration No.: 375  rmseSeq= 2.45917   rmseBat= 2.46082
Training iteration No.: 376  rmseSeq= 2.45917   rmseBat= 2.46082
Training iteration No.: 377  rmseSeq= 2.45917   rmseBat= 2.46082
Training iteration No.: 378  rmseSeq= 2.45917   rmseBat= 2.46082
Training iteration No.: 379  rmseSeq= 2.45917   rmseBat= 2.46082
Training iteration No.: 380  rmseSeq= 2.45917   rmseBat= 2.46082
Training iteration No.: 381  rmseSeq= 2.45917   rmseBat= 2.46082
Training iteration No.: 382  rmseSeq= 2.45917   rmseBat= 2.46082
Training iteration No.: 383  rmseSeq= 2.45917   rmseBat= 2.46082
Training iteration No.: 384  rmseSeq= 2.45917   rmseBat= 2.46082
Training iteration No.: 385  rmseSeq= 2.45917   rmseBat= 2.46082
Training iteration No.: 386  rmseSeq= 2.45917   rmseBat= 2.46083
Training iteration No.: 387  rmseSeq= 2.45917   rmseBat= 2.46083
Training iteration No.: 388  rmseSeq= 2.45917   rmseBat= 2.46083
Training iteration No.: 389  rmseSeq= 2.45917   rmseBat= 2.46083
Training iteration No.: 390  rmseSeq= 2.45918   rmseBat= 2.46083
Training iteration No.: 391  rmseSeq= 2.45918   rmseBat= 2.46083
Training iteration No.: 392  rmseSeq= 2.45918   rmseBat= 2.46083
Training iteration No.: 393  rmseSeq= 2.45918   rmseBat= 2.46083
Training iteration No.: 394  rmseSeq= 2.45918   rmseBat= 2.46083
Training iteration No.: 395  rmseSeq= 2.45918   rmseBat= 2.46083
Training iteration No.: 396  rmseSeq= 2.45918   rmseBat= 2.46083
Training iteration No.: 397  rmseSeq= 2.45918   rmseBat= 2.46083
Training iteration No.: 398  rmseSeq= 2.45918   rmseBat= 2.46083
Training iteration No.: 399  rmseSeq= 2.45918   rmseBat= 2.46083
Training iteration No.: 400  rmseSeq= 2.45918   rmseBat= 2.46083
Training iteration No.: 401  rmseSeq= 2.45918   rmseBat= 2.46083
Training iteration No.: 402  rmseSeq= 2.45918   rmseBat= 2.46084
Training iteration No.: 403  rmseSeq= 2.45918   rmseBat= 2.46084
Training iteration No.: 404  rmseSeq= 2.45918   rmseBat= 2.46084
Training iteration No.: 405  rmseSeq= 2.45918   rmseBat= 2.46084
Training iteration No.: 406  rmseSeq= 2.45918   rmseBat= 2.46084
Training iteration No.: 407  rmseSeq= 2.45918   rmseBat= 2.46084
Training iteration No.: 408  rmseSeq= 2.45919   rmseBat= 2.46084
Training iteration No.: 409  rmseSeq= 2.45919   rmseBat= 2.46084
Training iteration No.: 410  rmseSeq= 2.45919   rmseBat= 2.46084
Training iteration No.: 411  rmseSeq= 2.45919   rmseBat= 2.46084
Training iteration No.: 412  rmseSeq= 2.45919   rmseBat= 2.46084
Training iteration No.: 413  rmseSeq= 2.45919   rmseBat= 2.46084
Training iteration No.: 414  rmseSeq= 2.45919   rmseBat= 2.46084
Training iteration No.: 415  rmseSeq= 2.45919   rmseBat= 2.46084
Training iteration No.: 416  rmseSeq= 2.45919   rmseBat= 2.46084
Training iteration No.: 417  rmseSeq= 2.45919   rmseBat= 2.46085
Training iteration No.: 418  rmseSeq= 2.45919   rmseBat= 2.46084
Training iteration No.: 419  rmseSeq= 2.45919   rmseBat= 2.46084
Training iteration No.: 420  rmseSeq= 2.45919   rmseBat= 2.46085
Training iteration No.: 421  rmseSeq= 2.45919   rmseBat= 2.46085
Training iteration No.: 422  rmseSeq= 2.45919   rmseBat= 2.46085
Training iteration No.: 423  rmseSeq= 2.45919   rmseBat= 2.46085
Training iteration No.: 424  rmseSeq= 2.45919   rmseBat= 2.46085
Training iteration No.: 425  rmseSeq= 2.45919   rmseBat= 2.46085
Training iteration No.: 426  rmseSeq= 2.45919   rmseBat= 2.46085
Training iteration No.: 427  rmseSeq= 2.45919   rmseBat= 2.46085
Training iteration No.: 428  rmseSeq= 2.4592   rmseBat= 2.46085
Training iteration No.: 429  rmseSeq= 2.4592   rmseBat= 2.46085
Training iteration No.: 430  rmseSeq= 2.4592   rmseBat= 2.46085
Training iteration No.: 431  rmseSeq= 2.4592   rmseBat= 2.46085
Training iteration No.: 432  rmseSeq= 2.4592   rmseBat= 2.46085
Training iteration No.: 433  rmseSeq= 2.4592   rmseBat= 2.46085
Training iteration No.: 434  rmseSeq= 2.4592   rmseBat= 2.46085
Training iteration No.: 435  rmseSeq= 2.4592   rmseBat= 2.46086
Training iteration No.: 436  rmseSeq= 2.4592   rmseBat= 2.46086
Training iteration No.: 437  rmseSeq= 2.4592   rmseBat= 2.46086
Training iteration No.: 438  rmseSeq= 2.4592   rmseBat= 2.46086
Training iteration No.: 439  rmseSeq= 2.4592   rmseBat= 2.46086
Training iteration No.: 440  rmseSeq= 2.4592   rmseBat= 2.46086
Training iteration No.: 441  rmseSeq= 2.4592   rmseBat= 2.46086
Training iteration No.: 442  rmseSeq= 2.4592   rmseBat= 2.46086
Training iteration No.: 443  rmseSeq= 2.4592   rmseBat= 2.46086
Training iteration No.: 444  rmseSeq= 2.45921   rmseBat= 2.46086
Training iteration No.: 445  rmseSeq= 2.45921   rmseBat= 2.46086
Training iteration No.: 446  rmseSeq= 2.45921   rmseBat= 2.46086
Training iteration No.: 447  rmseSeq= 2.45921   rmseBat= 2.46086
Training iteration No.: 448  rmseSeq= 2.45921   rmseBat= 2.46086
Training iteration No.: 449  rmseSeq= 2.45921   rmseBat= 2.46086
Training iteration No.: 450  rmseSeq= 2.45921   rmseBat= 2.46086
Training iteration No.: 451  rmseSeq= 2.45921   rmseBat= 2.46087
Training iteration No.: 452  rmseSeq= 2.45921   rmseBat= 2.46086
Training iteration No.: 453  rmseSeq= 2.45921   rmseBat= 2.46087
Training iteration No.: 454  rmseSeq= 2.45921   rmseBat= 2.46087
Training iteration No.: 455  rmseSeq= 2.45921   rmseBat= 2.46087
Training iteration No.: 456  rmseSeq= 2.45921   rmseBat= 2.46087
Training iteration No.: 457  rmseSeq= 2.45921   rmseBat= 2.46087
Training iteration No.: 458  rmseSeq= 2.45921   rmseBat= 2.46087
Training iteration No.: 459  rmseSeq= 2.45921   rmseBat= 2.46087
Training iteration No.: 460  rmseSeq= 2.45921   rmseBat= 2.46087
Training iteration No.: 461  rmseSeq= 2.45921   rmseBat= 2.46087
Training iteration No.: 462  rmseSeq= 2.45921   rmseBat= 2.46087
Training iteration No.: 463  rmseSeq= 2.45921   rmseBat= 2.46087
Training iteration No.: 464  rmseSeq= 2.45922   rmseBat= 2.46087
Training iteration No.: 465  rmseSeq= 2.45922   rmseBat= 2.46087
Training iteration No.: 466  rmseSeq= 2.45922   rmseBat= 2.46087
Training iteration No.: 467  rmseSeq= 2.45922   rmseBat= 2.46087
Training iteration No.: 468  rmseSeq= 2.45922   rmseBat= 2.46087
Training iteration No.: 469  rmseSeq= 2.45922   rmseBat= 2.46087
Training iteration No.: 470  rmseSeq= 2.45922   rmseBat= 2.46087
Training iteration No.: 471  rmseSeq= 2.45922   rmseBat= 2.46087
Training iteration No.: 472  rmseSeq= 2.45922   rmseBat= 2.46087
Training iteration No.: 473  rmseSeq= 2.45922   rmseBat= 2.46087
Training iteration No.: 474  rmseSeq= 2.45922   rmseBat= 2.46088
Training iteration No.: 475  rmseSeq= 2.45922   rmseBat= 2.46088
Training iteration No.: 476  rmseSeq= 2.45922   rmseBat= 2.46088
Training iteration No.: 477  rmseSeq= 2.45922   rmseBat= 2.46088
Training iteration No.: 478  rmseSeq= 2.45922   rmseBat= 2.46088
Training iteration No.: 479  rmseSeq= 2.45922   rmseBat= 2.46088
Training iteration No.: 480  rmseSeq= 2.45922   rmseBat= 2.46088
Training iteration No.: 481  rmseSeq= 2.45922   rmseBat= 2.46088
Training iteration No.: 482  rmseSeq= 2.45922   rmseBat= 2.46088
Training iteration No.: 483  rmseSeq= 2.45922   rmseBat= 2.46088
Training iteration No.: 484  rmseSeq= 2.45922   rmseBat= 2.46088
Training iteration No.: 485  rmseSeq= 2.45922   rmseBat= 2.46088
Training iteration No.: 486  rmseSeq= 2.45922   rmseBat= 2.46088
Training iteration No.: 487  rmseSeq= 2.45922   rmseBat= 2.46088
Training iteration No.: 488  rmseSeq= 2.45922   rmseBat= 2.46088
Training iteration No.: 489  rmseSeq= 2.45923   rmseBat= 2.46088
Training iteration No.: 490  rmseSeq= 2.45922   rmseBat= 2.46088
Training iteration No.: 491  rmseSeq= 2.45923   rmseBat= 2.46088
Training iteration No.: 492  rmseSeq= 2.45923   rmseBat= 2.46088
Training iteration No.: 493  rmseSeq= 2.45923   rmseBat= 2.46088
Training iteration No.: 494  rmseSeq= 2.45923   rmseBat= 2.46088
Training iteration No.: 495  rmseSeq= 2.45923   rmseBat= 2.46088
Training iteration No.: 496  rmseSeq= 2.45923   rmseBat= 2.46088
Training iteration No.: 497  rmseSeq= 2.45923   rmseBat= 2.46089
Training iteration No.: 498  rmseSeq= 2.45923   rmseBat= 2.46089
Training iteration No.: 499  rmseSeq= 2.45923   rmseBat= 2.46089
  rmseSeq= 2.45923   rmseBat= 2.46089
