PRINT OUT WHAT JUST READ:
nNode: 1
ndaFactor: 5
fileNameWin: solo/output/sofm_4.out
fileNameData: solo/input/solo_input.csv
typeOfSimu: training
iniSeed: 5678
calThreshold: 0
fileNameEignValue: solo/output/eigenValue.out
fileNameEignVector: solo/output/eigenVector.out
fileNameAccumError: solo/output/accumErr.out
fileNameAccumRR: solo/output/accumRR.out
fileNameTrainProcess: solo/output/trainProcess.out
fileNameFreq: solo/output/freqTable.out
fileNameWout: solo/output/hidOutputWt.out
fileNameErrMap: solo/output/errorMap.out
fileNameFinResult: solo/output/finResult.out
fileNameTrainWin: solo/output/trainWin.out
fileNameTrainWout: solo/output/trainWout.out
Number of rows is 1737, number of drivers is 3
    1737 

sTop= 0  thresHold= 20  nd0= 1737
nodeX= 0  nodeY= 0  nWn= 0  nda= 1737
Wo BEFORE LS ESTIMATES: -1  -1  -1  -1  
 *************************** 
rmse before optimation: 5.12544
Number of PC: 3
PC % used: 100
LS parameters:    -3.51792 6.89247 4.59665 -1.21521
rmse after optimation: 2.46011
Wo AFTER LS ESTIMATES: -3.51792  6.89247  4.59665  -1.21521  
