     4.182   5.075  -0.8925
     6.055   4.668  1.387
      5.57   4.43  1.14
     5.879   9.743  -3.864
     7.257   9.48  -2.222
     8.337   9.332  -0.9942
     8.284   9.085  -0.8014
     9.356   8.835  0.5215
      2.54   2.896  -0.3558
     3.189   2.58  0.6087
     2.014   2.305  -0.291
      7.33   2.073  5.257
     3.035   1.908  1.127
    0.5352   1.79  -1.255
     1.908   3.791  -1.884
     3.708   3.441  0.2665
    0.4446   3.089  -2.644
     3.185   2.82  0.3645
     4.076   2.603  1.474
     1.263   2.382  -1.12
     5.124   5.036  0.08811
     5.798   4.698  1.099
     3.605   4.262  -0.657
     2.846   3.912  -1.067
     3.066   3.707  -0.6419
     1.493   3.567  -2.074
     2.222   3.572  -1.35
     2.002   3.49  -1.488
      5.24   3.02  2.22
     4.337   2.648  1.688
     3.203   2.379  0.8238
     4.631   2.276  2.355
     6.027   2.184  3.843
     1.458   5.626  -4.168
     4.885   5.109  -0.2247
     4.393   4.674  -0.2809
     4.242   4.442  -0.2007
     6.598   4.35  2.248
      1.77   4.24  -2.47
     2.325   3.639  -1.313
   -0.7563   3.329  -4.085
     2.361   3.127  -0.7655
     1.209   2.998  -1.788
     3.301   2.858  0.4437
     3.402   2.692  0.7096
    0.4102   5.419  -5.008
     2.576   5.103  -2.527
     5.236   4.743  0.4929
     1.221   4.475  -3.254
     4.857   4.344  0.5131
     -5.35   4.05  -9.4
    0.8905   5.397  -4.506
      4.77   5.088  -0.3185
     3.783   4.913  -1.13
     5.429   4.912  0.5165
     4.895   5.138  -0.2426
     6.604   5.145  1.459
     6.012   7.212  -1.2
     1.274   4.353  -3.079
   -0.4422   4.148  -4.59
     1.913   3.974  -2.062
     6.184   3.855  2.329
     4.856   7.351  -2.495
     4.595   7.086  -2.492
      5.01   6.909  -1.899
     5.377   6.714  -1.337
     6.692   7.645  -0.9531
     4.917   7.037  -2.12
     6.401   6.653  -0.2526
     6.699   6.604  0.09489
     4.735   6.798  -2.064
     5.601   6.869  -1.267
     6.206   3.606  2.6
     5.996   3.482  2.514
     4.644   3.476  1.168
     4.083   3.402  0.6809
      9.73   3.291  6.439
      3.38   3.23  0.1506
     5.248   4.375  0.8726
     3.908   4.249  -0.3411
     2.295   4.116  -1.821
     4.786   5.52  -0.7334
     4.914   5.347  -0.4332
     6.036   5.169  0.8663
     4.584   4.698  -0.1137
     5.849   4.491  1.359
      3.87   4.324  -0.4534
     3.152   4.194  -1.042
         3   4.111  -1.112
      2.03   4.044  -2.014
     3.411   5.327  -1.916
     4.353   4.954  -0.6006
     9.331   4.564  4.767
     6.657   4.257  2.401
      6.63   4.051  2.579
    -1.856   4  -5.856
      1.15   4.503  -3.354
     3.665   4.15  -0.4851
     2.603   3.845  -1.242
      5.33   3.643  1.687
     4.526   3.523  1.003
       4.3   3.467  0.8327
     4.435   5.104  -0.669
     3.816   4.436  -0.6202
     6.244   4.181  2.063
     4.283   4.021  0.2622
     4.732   6.627  -1.895
     6.462   6.56  -0.09791
     4.625   8.602  -3.977
     6.472   8.445  -1.973
      7.08   8.358  -1.278
     6.294   8.248  -1.954
     6.955   8.163  -1.208
      6.35   8.084  -1.733
     4.153   5.997  -1.845
     4.266   5.324  -1.058
     4.324   4.929  -0.6049
     4.143   4.659  -0.516
     5.777   4.486  1.291
     6.054   4.374  1.68
     4.474   4.012  0.4617
     8.315   3.874  4.441
     2.671   3.557  -0.8857
     3.481   3.049  0.4316
       3.4   2.874  0.5262
     3.378   2.845  0.5329
     4.636   2.72  1.916
     6.752   3.77  2.982
     6.017   3.335  2.682
      5.26   2.991  2.269
     14.69   2.745  11.95
     6.901   2.599  4.302
   -0.3179   2.544  -2.862
     4.997   7.08  -2.083
     7.577   7.052  0.525
      4.98   6.982  -2.002
     1.119   1.947  -0.8286
     2.002   2.007  -0.004416
     4.231   2.118  2.114
     2.427   2.497  -0.07003
     2.882   2.378  0.5039
     2.892   2.282  0.6092
      5.91   2.189  3.72
     2.201   2.14  0.06015
     2.793   2.109  0.6836
     3.168   2.898  0.2698
     1.439   2.686  -1.247
     4.828   2.563  2.265
     4.514   2.327  2.188
     4.382   2.277  2.104
     8.055   2.1  5.955
     3.971   2.78  1.191
     5.508   2.688  2.821
     3.008   2.464  0.5435
     2.743   2.264  0.4793
      3.25   2.007  1.243
      3.93   1.877  2.052
     3.019   3.149  -0.1307
     4.382   2.912  1.469
     4.263   2.759  1.504
     4.446   2.6  1.846
     2.949   2.534  0.4147
     5.407   2.507  2.899
     4.526   4.508  0.01824
     5.888   4.349  1.539
     5.971   4.22  1.751
     3.757   6.416  -2.659
    0.3132   6.163  -5.849
      5.79   7.596  -1.806
     9.268   3.322  5.946
     3.602   2.705  0.8961
     5.073   3.128  1.944
     5.082   2.889  2.193
     2.814   3.808  -0.9941
     5.911   3.517  2.394
     3.442   3.34  0.1016
     4.433   3.22  1.212
      3.28   6.177  -2.897
     3.093   3.24  -0.1468
     5.214   2.971  2.243
     2.321   2.831  -0.5094
     3.296   2.675  0.6219
     2.977   2.62  0.3578
     2.373   2.529  -0.1565
     3.422   4.024  -0.6024
     2.848   4.297  -1.448
     4.211   3.956  0.2547
     3.085   3.85  -0.7649
     6.086   3.736  2.351
     9.859   3.623  6.236
     3.821   3.811  0.01033
     3.664   3.649  0.01483
     5.303   3.561  1.743
     3.685   3.555  0.1298
     4.792   3.485  1.307
     4.948   3.426  1.522
     4.999   5.1  -0.1011
     6.304   5.041  1.263
     3.516   5.003  -1.487
     9.957   4.464  5.493
     20.54   4.374  16.17
     10.54   4.011  6.53
     3.228   3.855  -0.627
     4.901   3.843  1.058
       6.5   3.815  2.685
     1.194   1.653  -0.4598
     2.859   1.516  1.344
     2.832   1.461  1.37
     3.863   1.45  2.413
     3.959   1.357  2.603
     3.278   1.291  1.987
     3.529   2.636  0.8928
     4.029   2.588  1.441
      2.83   2.509  0.3211
     2.608   2.494  0.1141
     3.245   3.168  0.07699
     4.951   3.118  1.833
     3.625   3.054  0.5713
     7.456   2.953  4.503
     2.521   2.485  0.03596
     3.478   2.472  1.006
     3.022   2.55  0.4722
     5.035   2.676  2.359
     4.383   2.923  1.46
     4.084   2.333  1.75
     3.478   2.276  1.202
     4.092   2.165  1.927
     4.181   3.303  0.8786
     4.663   3.252  1.41
      5.57   3.185  2.385
     4.444   3.176  1.267
     5.803   3.185  2.618
     5.055   3.218  1.837
     2.706   4.448  -1.742
     3.242   4.243  -1.001
     2.487   4.119  -1.632
      4.72   4.03  0.69
     4.073   3.962  0.1111
     2.758   3.848  -1.09
     2.641   1.68  0.9607
     4.492   2.911  1.58
    0.7543   1.233  -0.4783
     1.247   1.242  0.005335
     1.077   1.89  -0.8129
     1.398   1.336  0.06148
     1.748   1.168  0.5806
    0.9164   1.166  -0.2501
    0.1062   1.141  -1.035
     1.066   1.102  -0.03562
      1.95   1.788  0.1625
     2.562   1.782  0.7794
     2.291   1.808  0.4837
      1.42   1.793  -0.3735
     1.703   1.764  -0.0605
  -0.07187   1.17  -1.242
    0.7013   1.144  -0.4423
    0.3033   0.9762  -0.6729
     1.383   0.9755  0.4072
     1.589   1.416  0.1726
     4.518   2.959  1.56
     2.709   2.901  -0.1924
     6.285   2.839  3.446
     5.362   2.817  2.545
     3.314   2.809  0.5055
     1.873   1.137  0.7353
     1.885   1.087  0.7979
     1.881   1.078  0.8034
     1.928   1.371  0.5568
     1.526   1.217  0.3094
     3.364   1.109  2.255
     1.541   1.038  0.5027
     1.769   0.9341  0.8352
     1.679   0.8466  0.8326
     1.654   0.7907  0.8634
      3.07   0.66  2.41
     2.647   0.5639  2.083
   -0.1798   1.291  -1.471
     1.606   1.213  0.3935
    0.3051   1.055  -0.7503
    -8.105   0.9693  -9.074
     1.118   0.8264  0.2916
    0.6455   0.7886  -0.1431
   -0.3845   1.998  -2.382
     1.522   1.84  -0.3179
     1.225   1.75  -0.5248
     1.988   1.639  0.3486
     1.687   1.622  0.06475
     1.675   1.62  0.05436
     1.167   1.094  0.07324
   -0.2103   0.8905  -1.101
     2.952   2.201  0.7511
     3.826   2.146  1.68
     2.806   2.109  0.6972
   -0.6087   1.11  -1.718
    0.7427   0.8756  -0.1328
     1.691   0.7162  0.975
    0.7547   0.6419  0.1128
     2.517   0.741  1.776
      2.98   2.612  0.3681
     4.258   2.611  1.647
     6.375   2.758  3.617
     4.145   2.299  1.846
     7.253   2.235  5.019
     4.287   2.104  2.183
     3.704   2.692  1.012
     1.326   1.856  -0.5305
     2.654   1.651  1.003
     1.576   2.54  -0.9641
     2.101   1.973  0.1274
     2.651   1.984  0.6672
     2.256   2.306  -0.05051
     4.171   2.295  1.875
     3.649   2.392  1.257
   -0.4366   1.742  -2.178
    -0.155   1.188  -1.343
    0.5212   1.75  -1.229
     1.679   1.464  0.2153
     1.374   1.266  0.1081
     1.522   0.9616  0.56
     1.318   0.916  0.4022
    0.3114   1.261  -0.9493
     1.009   1.183  -0.1741
     3.124   1.828  1.297
     2.322   1.595  0.7277
     2.315   1.379  0.9361
    0.8067   1.348  -0.5417
     1.238   1.318  -0.08043
    0.9699   1.796  -0.8258
     1.971   1.636  0.3344
     2.027   1.598  0.4287
     2.838   2.571  0.2676
     2.302   2.429  -0.1271
     2.618   1.864  0.754
   -0.7831   1.835  -2.619
     2.202   1.83  0.3723
     1.568   1.79  -0.222
     2.326   1.753  0.5731
     2.778   1.652  1.126
     3.878   1.919  1.959
     1.311   1.596  -0.2857
      2.43   1.462  0.9689
     1.083   1.423  -0.3404
     1.669   1.38  0.2897
    0.9538   1.315  -0.3614
     1.868   2.53  -0.6612
      2.72   2.362  0.3584
    0.9964   2.261  -1.265
     2.396   2.22  0.1761
     3.734   2.2  1.535
      2.38   2.134  0.2455
     2.348   3.724  -1.376
      3.94   3.633  0.3069
     3.068   3.487  -0.4191
     1.673   3.347  -1.675
      2.59   3.191  -0.601
     1.359   1.606  -0.2465
      3.84   1.247  2.593
     1.434   2.076  -0.6417
     2.422   1.854  0.5674
     5.407   4.9  0.5075
     4.609   4.746  -0.1376
     5.787   4.654  1.133
     10.49   4.592  5.895
     6.905   4.566  2.339
      5.09   4.511  0.5793
     2.698   5.339  -2.642
     6.977   5.162  1.814
     7.449   5.109  2.34
     5.788   5.093  0.695
     5.734   5.079  0.6559
     4.086   3.963  0.1234
     3.398   1.928  1.471
     2.202   1.829  0.373
     3.642   1.63  2.012
     1.647   3.127  -1.479
     1.865   2.849  -0.9842
     4.321   2.581  1.74
     2.461   2.426  0.03424
     3.495   2.405  1.091
     2.289   2.395  -0.1064
     5.148   5.181  -0.03258
     6.021   5.013  1.008
     6.186   4.934  1.252
     6.654   4.834  1.82
     6.841   4.76  2.081
     4.758   4.752  0.005714
     3.729   5.065  -1.337
     5.445   4.948  0.4971
     6.538   4.914  1.624
     4.322   4.929  -0.6065
     3.807   5.015  -1.208
     6.781   5.087  1.693
      3.56   4.089  -0.529
     6.148   4.035  2.113
     4.796   4.083  0.7128
     4.861   4.025  0.8368
     7.429   3.988  3.44
     4.274   3.993  0.2804
   -0.7059   -0.2995  -0.4065
      2.39   2.43  -0.03963
      1.78   1.975  -0.1952
     1.612   1.902  -0.2901
     2.131   2.278  -0.147
     3.255   1.954  1.3
      2.49   1.726  0.7645
     3.211   1.538  1.673
     2.025   1.374  0.6509
      1.52   1.227  0.2925
     2.209   1.881  0.3278
    0.1996   1.601  -1.401
     1.277   1.584  -0.3071
     4.154   4.544  -0.3904
     7.478   4.4  3.079
     5.961   4.275  1.685
     6.069   4.231  1.838
     5.686   4.184  1.502
     1.376   2.322  -0.9461
     2.183   2.052  0.1308
     2.357   1.861  0.4965
     3.463   1.803  1.661
     2.422   1.653  0.7685
     2.811   1.519  1.292
     3.696   2.827  0.8689
     2.615   2.468  0.1471
      5.13   2.161  2.969
     2.312   5.033  -2.72
     8.658   7.43  1.228
     8.599   7.231  1.368
     7.937   7.081  0.8558
     7.733   6.893  0.8401
     6.407   6.703  -0.2963
      3.62   3.564  0.05634
     3.995   3.435  0.5599
     4.164   3.315  0.8489
     6.108   3.217  2.892
     5.144   3.114  2.03
     3.438   2.99  0.4479
     4.239   4.484  -0.2446
     3.787   4.354  -0.5674
     3.889   4.22  -0.3313
     6.619   4.574  2.045
     12.28   6.376  5.905
     7.095   6.26  0.8342
     7.372   5.871  1.501
     7.264   5.683  1.581
     5.061   6.459  -1.398
     7.105   6.15  0.9547
     6.112   5.897  0.215
     5.558   5.735  -0.1769
      6.33   5.594  0.7354
     6.416   5.453  0.9635
     8.214   7.016  1.198
     8.111   6.884  1.227
     10.68   6.734  3.948
     8.786   6.693  2.093
     9.071   6.788  2.283
     9.818   6.762  3.055
     8.638   4.701  3.937
    0.8631   3.443  -2.58
     6.959   3.342  3.616
     6.921   3.244  3.677
     5.421   3.021  2.4
     4.797   2.907  1.89
     6.834   2.827  4.007
     5.162   3.809  1.353
     3.941   3.473  0.468
     4.833   3.182  1.651
     3.267   2.919  0.3479
     4.079   2.684  1.395
     3.356   2.479  0.8769
     6.324   3.781  2.544
     3.463   2.107  1.356
   -0.9066   2.081  -2.988
     5.952   4.072  1.88
     4.357   3.359  0.9978
     4.701   2.89  1.811
     5.568   2.731  2.837
      6.37   2.58  3.79
     4.071   2.425  1.645
     5.238   2.289  2.949
     7.553   2.186  5.367
     3.203   2.763  0.4395
    -3.506   2.605  -6.111
     6.105   2.467  3.638
     1.718   2.239  -0.5213
     1.699   1.778  -0.07989
      2.25   1.538  0.7122
    0.4785   1.438  -0.9595
     2.871   1.347  1.524
     1.937   4.411  -2.474
     4.468   4.193  0.2754
     4.564   3.964  0.6
     3.343   3.747  -0.4041
     4.747   3.579  1.169
     3.149   3.361  -0.2122
     9.544   9.788  -0.2439
     1.266   3.9  -2.635
     2.001   3.664  -1.663
     1.803   3.435  -1.632
    0.1521   3.25  -3.098
     2.635   2.919  -0.2847
     1.068   2.67  -1.602
    -1.016   2.525  -3.54
    -3.467   2.362  -5.829
    0.5659   2.233  -1.668
    -5.095   2.11  -7.206
    -1.562   2.385  -3.947
     4.631   2.122  2.509
     6.691   1.908  4.783
   -0.1995   1.78  -1.98
     1.782   1.707  0.07517
     1.913   1.706  0.2072
     3.714   3.672  0.04211
     4.273   3.394  0.8785
     1.058   3.113  -2.055
     2.437   3.436  -0.9984
      3.81   3.172  0.6377
     2.914   2.998  -0.0833
    0.0883   2.93  -2.842
    -3.951   2.878  -6.829
     5.709   7.489  -1.78
      10.2   7.408  2.794
     8.075   7.319  0.7555
     4.957   4.446  0.5106
     6.592   4.617  1.975
      7.96   4.753  3.207
     9.031   4.682  4.349
     6.928   4.992  1.937
     2.988   5.71  -2.722
     5.182   5.087  0.09464
     4.814   4.745  0.06934
     5.391   4.484  0.9071
     6.284   4.304  1.98
     2.746   3.658  -0.9119
     4.046   3.566  0.48
     6.962   3.484  3.478
     3.442   3.431  0.01097
      6.73   3.346  3.383
     8.581   3.249  5.332
     5.037   3.661  1.376
     6.728   3.542  3.186
     2.987   3.415  -0.4279
     9.668   3.273  6.396
     3.363   3.595  -0.2324
     3.956   3.516  0.4401
     4.552   3.465  1.088
    0.3265   3.311  -2.984
     1.612   4.097  -2.486
     3.709   3.915  -0.2056
      9.74   3.822  5.918
     3.075   5.797  -2.722
     11.67   5.664  6.008
     10.74   5.573  5.167
      3.15   3.669  -0.5187
     4.167   3.374  0.7931
     2.176   3.189  -1.013
     2.994   3.076  -0.08283
      3.54   3.005  0.535
     4.021   2.922  1.099
     3.481   4.327  -0.8467
     3.678   3.995  -0.3176
     4.162   3.663  0.4996
     4.512   3.382  1.13
      2.54   3.199  -0.6585
     1.987   3.066  -1.079
     7.411   7.273  0.1386
     8.721   4.409  4.312
     4.064   2.142  1.922
     4.733   4.043  0.6902
     3.895   3.78  0.1151
     1.711   3.566  -1.855
     4.002   3.379  0.6226
     5.306   3.304  2.002
      5.46   3.262  2.199
     1.906   3.267  -1.361
     3.384   3.142  0.2417
      3.28   3.051  0.229
     2.531   3.014  -0.4827
     3.179   3.023  0.1552
     2.177   2.984  -0.8073
     1.153   3.093  -1.94
     2.012   2.931  -0.9184
       2.1   2.805  -0.7052
     1.805   2.744  -0.9383
    0.9256   2.629  -1.704
     1.933   2.535  -0.6025
     3.402   3.901  -0.4989
     1.954   3.757  -1.804
     2.897   3.762  -0.8647
     4.461   3.681  0.7807
     2.314   3.518  -1.204
   -0.3715   3.381  -3.753
      4.15   6.317  -2.167
     5.264   6.154  -0.8891
     4.503   6.028  -1.525
       6.7   5.93  0.7699
     6.421   5.842  0.5788
     8.838   5.741  3.096
     3.944   3  0.9443
     4.101   2.857  1.245
     3.913   2.71  1.203
     2.889   2.436  0.4539
     2.116   3.203  -1.087
       2.4   2.986  -0.5852
     4.134   2.817  1.318
     4.494   2.745  1.749
     2.612   2.558  0.05353
     2.249   2.338  -0.0895
     1.867   3.409  -1.542
    0.1149   3.273  -3.159
    -4.332   3.209  -7.541
    0.2805   3.073  -2.793
     1.236   3.018  -1.782
     4.491   2.987  1.505
     1.308   2.582  -1.274
      3.66   3.057  0.6032
     3.821   2.736  1.085
   -0.2234   2.289  -2.512
     1.385   2.161  -0.776
     6.061   5.917  0.1438
     7.558   5.9  1.657
     8.268   3.388  4.88
    -1.437   3.303  -4.739
     2.341   3.125  -0.784
      5.38   2.942  2.438
     8.391   2.761  5.63
     2.688   2.701  -0.01263
    0.2787   2.727  -2.449
     1.992   2.579  -0.5872
     1.957   2.472  -0.515
     1.829   2.375  -0.5464
     2.788   2.37  0.4177
    0.2509   2.34  -2.089
    -9.211   2.667  -11.88
    -1.833   2.48  -4.313
   -0.1657   2.348  -2.514
     3.043   2.257  0.7863
    -1.122   2.219  -3.341
   -0.7723   2.217  -2.989
     4.918   4.612  0.3055
     2.328   5.27  -2.942
     3.055   2.67  0.3851
      3.69   2.765  0.9256
    0.4765   2.768  -2.291
     2.886   1.977  0.9081
     5.535   1.892  3.642
     2.587   2.519  0.06745
     2.096   2.275  -0.1788
     4.071   2.08  1.991
     3.088   1.944  1.144
      2.31   1.843  0.4671
     1.842   1.796  0.04665
    0.8024   3.59  -2.788
     3.617   3.25  0.3674
     2.398   2.051  0.3465
     2.375   1.89  0.4849
     1.265   1.721  -0.456
     2.093   1.56  0.5327
    0.1909   2.843  -2.653
     2.057   2.755  -0.6984
   -0.8549   2.606  -3.461
     2.242   2.536  -0.2942
     5.909   2.469  3.44
    0.8222   2.392  -1.57
   0.08617   2.79  -2.703
     2.175   2.708  -0.5331
     1.015   2.623  -1.608
     2.558   2.573  -0.01476
     1.639   2.536  -0.8969
     2.908   2.489  0.419
     4.758   5.476  -0.718
     4.881   5.288  -0.4071
     3.794   5.168  -1.374
     5.703   5.103  0.6002
     6.626   5.05  1.576
     7.294   5.001  2.293
     3.493   1.896  1.597
    0.6702   1.774  -1.104
     2.017   3.464  -1.447
     3.319   3.323  -0.004234
      4.27   3.245  1.025
     2.479   3.196  -0.7177
     1.076   2.746  -1.67
    0.3975   2.557  -2.159
     2.144   2.364  -0.2199
     1.881   2.155  -0.2735
     3.215   2.089  1.126
     5.397   3.017  2.379
     9.384   2.955  6.429
     2.515   2.319  0.1959
     5.034   2.157  2.877
     1.008   2.088  -1.08
   -0.2611   1.999  -2.26
     3.184   2.52  0.6642
     1.312   1.178  0.1349
     1.525   1.087  0.4377
     2.076   0.9928  1.083
     2.346   0.9383  1.408
      1.77   0.9185  0.8513
     0.314   1.053  -0.7388
    0.4747   0.8659  -0.3913
     1.078   0.6964  0.3817
     1.702   0.5947  1.107
     1.785   0.4999  1.285
     3.994   0.4257  3.569
     1.457   1.121  0.3361
     1.598   1.104  0.4931
   -0.6022   1.483  -2.085
    0.4423   1.289  -0.8472
     0.228   2.004  -1.776
     2.537   2.587  -0.05054
     0.528   3.671  -3.144
    0.7501   3.544  -2.793
     2.176   3.461  -1.285
     2.451   3.439  -0.9883
     3.125   3.43  -0.3046
     1.556   3.438  -1.882
     1.747   1.51  0.237
   -0.5841   1.414  -1.998
    0.8443   1.374  -0.5301
     7.312   1.373  5.939
     3.351   2.898  0.4528
     4.368   2.833  1.535
     3.488   2.777  0.7106
    -1.356   1.663  -3.019
   0.04954   1.532  -1.483
     1.766   1.485  0.2818
   0.08689   1.446  -1.36
     0.766   1.424  -0.6578
     3.806   1.368  2.438
    -2.926   2.013  -4.938
   -0.8495   1.881  -2.731
    -3.726   1.882  -5.608
     -6.55   1.902  -8.453
     3.356   1.901  1.454
    -1.465   1.865  -3.331
    0.4801   1.716  -1.236
     1.459   1.681  -0.2219
     2.519   1.672  0.8466
     2.256   1.716  0.5394
     1.312   1.728  -0.4154
    0.7088   1.698  -0.9896
   -0.9682   1.532  -2.5
    -3.695   1.452  -5.147
     1.303   1.411  -0.108
     1.373   1.368  0.005142
     2.268   1.343  0.9246
     1.238   1.316  -0.07797
    0.8732   1.851  -0.9773
     2.247   1.836  0.4107
     3.552   1.835  1.717
     2.163   1.884  0.279
     2.147   1.894  0.2534
     1.478   1.876  -0.3979
     1.128   3.007  -1.879
     1.893   3.019  -1.125
      2.64   3.041  -0.4012
     1.732   3.038  -1.306
     1.362   0.6102  0.752
     1.159   0.6245  0.5344
     2.028   0.6264  1.402
    -3.723   2.348  -6.071
   -0.2614   2.308  -2.569
    0.6109   2.276  -1.665
     0.588   2.497  -1.908
     2.215   2.414  -0.1988
     2.789   2.365  0.4236
     1.658   2.318  -0.6598
    0.8387   2.293  -1.454
    0.3076   2.229  -1.921
     1.179   2.126  -0.9466
     1.727   2.103  -0.3754
     3.044   2.094  0.95
     1.413   2.048  -0.6351
     2.353   1.94  0.4132
     3.294   1.837  1.456
     2.777   1.71  1.067
     2.042   1.585  0.4573
     3.373   2.578  0.7951
     3.226   2.476  0.7497
     3.242   2.432  0.8106
     2.789   2.474  0.3141
     5.299   2.519  2.78
   -0.8734   1.293  -2.167
     1.179   0.7397  0.439
    -2.198   1.456  -3.654
  -0.04815   1.315  -1.363
    -4.675   1.285  -5.96
     -3.99   1.218  -5.209
    -1.413   1.165  -2.577
   -0.9426   1.708  -2.651
    -1.344   1.666  -3.009
    -1.235   1.609  -2.844
    0.2365   1.516  -1.279
     5.409   1.446  3.963
     1.316   1.604  -0.2879
     1.239   1.584  -0.3448
    0.8425   1.612  -0.7693
     1.072   1.693  -0.6205
    -1.099   1.77  -2.869
    -1.624   1.757  -3.381
    -2.546   1.664  -4.21
    0.1283   0.8722  -0.7439
    0.3334   1.753  -1.419
     1.035   1.525  -0.4909
    0.1448   2.161  -2.016
       1.2   2.152  -0.9518
     1.002   2.103  -1.1
    0.9805   2.06  -1.079
    0.7426   2.024  -1.282
     2.879   2.005  0.8738
    0.1917   1.896  -1.704
    0.6811   1.774  -1.093
     0.578   1.742  -1.164
     1.213   1.688  -0.4751
     2.083   2.801  -0.7183
     2.234   3.424  -1.19
     1.918   3.491  -1.572
     1.723   3.403  -1.681
     1.756   3.773  -2.017
     2.186   3.639  -1.453
     3.204   3.563  -0.3588
      2.17   3.656  -1.486
     2.634   4.568  -1.935
     2.758   4.484  -1.726
     2.914   4.364  -1.45
     3.232   4.273  -1.04
     2.528   4.237  -1.708
     2.436   4.082  -1.646
    -2.844   2.037  -4.881
    0.4498   1.911  -1.461
    -1.079   1.855  -2.934
    -1.317   1.816  -3.133
    -2.221   1.732  -3.953
    -10.25   1.7  -11.95
    -2.385   3.565  -5.95
     5.427   3.517  1.909
    -1.512   3.503  -5.015
      4.35   3.481  0.8687
     5.915   3.466  2.449
     1.747   2.951  -1.204
    0.7142   2.823  -2.109
     1.338   2.776  -1.438
     1.288   2.743  -1.455
   -0.6875   2.703  -3.39
      2.59   2.925  -0.335
     3.923   2.859  1.065
     2.188   2.819  -0.6309
     2.402   2.713  -0.3114
     2.747   2.656  0.09123
      1.66   2.379  -0.7189
     1.515   2.318  -0.8027
     2.669   2.299  0.3697
     2.381   2.317  0.06407
     1.946   2.332  -0.3852
     2.226   2.282  -0.05675
     4.629   2.108  2.521
     2.105   1.958  0.147
    -2.444   1.772  -4.216
    -1.499   1.7  -3.198
     3.717   3.06  0.6573
     3.716   3.048  0.6682
     2.771   3.039  -0.2681
     4.988   3.031  1.957
     5.151   3.565  1.586
     2.255   3.365  -1.109
     4.019   3.218  0.8016
      5.15   3.121  2.029
     4.513   3.076  1.437
     2.988   3.121  -0.1331
     4.465   3.065  1.4
     1.147   0.4813  0.6654
    0.3511   0.4668  -0.1157
    -3.681   0.4576  -4.138
    0.1488   1.473  -1.324
   -0.3639   0.9886  -1.353
    0.5877   0.8125  -0.2248
    0.3941   0.7366  -0.3425
   -0.5018   0.6319  -1.134
    0.7681   2.92  -2.152
     2.456   2.822  -0.3657
     3.641   2.765  0.8761
     2.485   2.86  -0.3745
     2.198   2.878  -0.6794
     1.945   2.85  -0.9051
     3.437   1.819  1.618
     5.882   5.359  0.5229
     6.472   5.184  1.287
     6.155   5.155  1.001
     6.012   5.114  0.8982
     6.388   5.097  1.291
     1.206   0.6281  0.5776
     2.057   0.5069  1.551
     1.184   0.4883  0.696
    0.8348   0.513  0.3218
     1.185   0.519  0.6662
     1.771   0.4752  1.295
     4.183   4.058  0.1253
     6.179   4.088  2.09
     6.429   4.121  2.308
   -0.1701   1.424  -1.594
   -0.5025   1.206  -1.709
   -0.2493   1.107  -1.356
     1.831   1.096  0.7351
     1.252   1.109  0.1429
    0.1251   1.176  -1.051
    0.8607   2.232  -1.371
    0.9231   2.058  -1.134
     1.139   1.824  -0.6854
    0.7987   1.669  -0.8706
     1.672   1.467  0.2043
     9.497   6.211  3.286
     12.13   6.077  6.054
     10.69   6.003  4.685
     2.664   3.351  -0.6873
     2.612   3.12  -0.5085
     3.118   3.02  0.09743
     1.942   2.995  -1.053
     17.89   4.558  13.33
     1.163   1.827  -0.6645
    0.8518   1.712  -0.8603
    0.1846   1.628  -1.444
     8.767   1.572  7.195
   -0.6598   1.475  -2.135
     2.391   1.415  0.9754
     0.625   2.61  -1.985
     1.685   2.516  -0.8312
     2.187   2.422  -0.2346
    0.6092   2.319  -1.71
     1.416   2.234  -0.818
     1.414   2.169  -0.7549
     2.416   2.956  -0.5397
     3.094   2.793  0.3014
     3.178   2.671  0.5063
     3.027   2.535  0.4921
     1.447   2.433  -0.9854
     2.197   2.374  -0.1773
     7.474   4.68  2.794
     1.693   3.45  -1.757
     2.027   3.021  -0.9942
      3.17   2.728  0.4422
     1.461   2.495  -1.033
     2.601   2.301  0.2998
      4.24   2.198  2.043
     3.211   6.383  -3.173
     6.499   6.31  0.1889
     8.022   6.254  1.769
     6.477   6.301  0.176
    0.2738   3.451  -3.177
    -3.464   3.165  -6.629
    -3.098   3.027  -6.126
    -1.305   2.963  -4.268
   -0.9494   2.817  -3.767
     3.133   2.094  1.039
     2.642   1.939  0.7026
     3.862   1.833  2.029
     4.001   1.74  2.261
      1.57   1.708  -0.1371
     3.161   1.764  1.396
     3.397   4.52  -1.123
     4.141   4.3  -0.1596
     1.304   4.099  -2.794
     6.143   3.879  2.263
     6.709   3.645  3.064
     8.135   3.491  4.644
     9.137   7.937  1.2
     10.27   7.884  2.388
     11.56   7.903  3.653
     12.67   7.884  4.784
     14.52   7.843  6.674
     14.82   7.793  7.026
     3.669   2.37  1.3
     3.613   1.99  1.622
     3.177   1.778  1.399
     3.872   1.597  2.275
     4.238   1.448  2.79
     2.825   2.182  0.6431
     2.853   1.969  0.8835
     1.656   1.755  -0.0994
     2.661   1.641  1.021
     2.012   1.578  0.4346
     2.439   1.522  0.9177
   -0.1793   3.151  -3.33
     3.378   2.858  0.5202
     3.904   2.646  1.259
     3.386   2.432  0.9541
     5.308   2.278  3.03
     1.618   2.203  -0.5853
      5.18   3.169  2.01
     3.272   2.97  0.3011
     3.547   2.374  1.173
      3.73   2.211  1.518
     1.788   1.774  0.01412
     1.999   1.725  0.2739
     2.945   1.678  1.267
     2.118   1.608  0.5091
    0.7078   1.564  -0.8561
     2.322   1.552  0.7695
     1.543   3.084  -1.541
     3.567   2.834  0.7338
     1.499   2.655  -1.156
      1.96   2.532  -0.5723
     1.863   2.419  -0.5564
     2.681   2.301  0.3798
     2.229   2.856  -0.6274
     5.268   2.427  2.841
     1.168   2.237  -1.069
     1.481   2.021  -0.5402
     1.225   1.853  -0.6277
     1.483   1.694  -0.2111
     2.134   1.565  0.5697
   -0.6328   1.489  -2.122
     3.003   2.81  0.1931
     3.221   2.644  0.5775
     4.931   2.51  2.421
     5.936   2.373  3.563
     1.883   2.323  -0.4398
     2.141   2.321  -0.1798
   -0.3513   3.658  -4.009
   -0.6355   3.518  -4.153
     3.036   3.395  -0.3586
     12.38   3.375  9.005
     6.569   6.06  0.5092
     5.936   5.855  0.0813
     8.574   5.684  2.89
     3.673   4.04  -0.3664
     5.968   3.748  2.219
     7.711   3.562  4.149
     6.238   3.359  2.879
     5.397   3.247  2.15
     3.313   3.544  -0.2304
     4.305   3.353  0.9527
     3.986   3.209  0.7772
     2.933   3.083  -0.1504
     3.224   2.961  0.2639
      3.55   2.86  0.6899
     7.231   4.832  2.399
   -0.4329   4.674  -5.107
     2.524   4.466  -1.942
     1.533   4.218  -2.684
     2.062   4.018  -1.956
   -0.6451   3.844  -4.489
      3.39   5.887  -2.497
     3.769   5.591  -1.822
     4.526   5.379  -0.8531
     5.035   5.252  -0.2178
     4.601   5.18  -0.5797
     4.346   6.569  -2.224
     10.43   6.108  4.321
     11.55   5.756  5.791
     15.38   5.5  9.882
     14.68   5.357  9.322
      16.8   5.426  11.37
     8.477   3.629  4.848
     3.916   3.621  0.2944
     6.343   3.575  2.768
     5.555   3.442  2.113
     2.912   3.523  -0.6103
     3.683   3.361  0.3227
     3.597   3.084  0.5127
     2.547   2.88  -0.3328
     3.355   2.736  0.6189
     3.176   2.639  0.5366
     1.004   3.662  -2.659
     2.157   3.383  -1.226
      2.12   3.185  -1.065
    0.2559   3.052  -2.796
     3.181   2.864  0.3167
    -3.293   2.719  -6.012
     2.599   3.762  -1.164
     5.236   3.585  1.651
     2.411   3.398  -0.9864
     4.341   3.277  1.064
     4.946   6.004  -1.058
      6.68   7.346  -0.6661
     4.508   7.024  -2.516
     8.594   6.863  1.731
     7.565   6.724  0.841
     8.848   6.62  2.227
     0.949   3.796  -2.847
     2.648   3.608  -0.9608
     2.339   3.35  -1.011
     2.748   3.215  -0.4662
     3.068   3.07  -0.002757
     3.402   2.916  0.4865
    0.1945   3.31  -3.116
     2.444   3.082  -0.6386
      1.34   2.902  -1.562
     3.993   2.66  1.332
     1.822   2.608  -0.7865
  -0.02003   4.349  -4.369
     6.345   4.443  1.902
     4.211   3.963  0.2472
     -3.38   3.698  -7.077
     3.102   3.455  -0.3532
    0.6434   2.363  -1.72
   -0.8772   2.244  -3.121
     2.402   2.068  0.3339
     3.069   1.886  1.184
     1.714   1.758  -0.04358
     6.875   3.86  3.014
     3.644   3.728  -0.08395
     2.134   3.555  -1.421
     3.745   2.984  0.7612
      12.1   2.877  9.22
     3.974   5.093  -1.12
     5.064   6.669  -1.605
     6.313   6.576  -0.2633
     5.964   8.059  -2.095
     5.936   7.694  -1.758
     6.052   7.244  -1.192
     1.465   4.433  -2.968
     5.043   4.051  0.9915
     5.119   3.766  1.353
     1.568   3.546  -1.979
   -0.7456   3.377  -4.123
     1.321   3.268  -1.948
      2.92   3.888  -0.968
     5.079   3.561  1.518
    -2.387   3.326  -5.713
     1.453   3.183  -1.729
   0.03991   3.087  -3.047
     2.849   3.034  -0.1855
     3.428   4.647  -1.219
      3.66   4.28  -0.6203
   0.03034   4.064  -4.034
     4.374   3.933  0.4414
     2.522   3.861  -1.339
     7.136   3.795  3.341
     7.659   5.256  2.403
      4.76   5.134  -0.3735
    -3.409   5.042  -8.451
     7.036   4.987  2.049
     2.604   4.899  -2.295
     1.696   4.734  -3.038
      5.84   7.338  -1.499
     5.165   7.013  -1.848
     5.964   6.695  -0.7312
     4.557   7.369  -2.812
     5.909   7.006  -1.097
     0.825   5.259  -4.434
     7.497   4.864  2.634
    -1.437   4.606  -6.044
    -3.088   4.466  -7.553
     0.831   4.326  -3.495
    -1.538   4.062  -5.6
      8.21   4.373  3.838
     5.105   4.153  0.9522
    0.8684   3.957  -3.089
      7.38   3.821  3.559
   -0.4731   3.766  -4.239
     2.574   3.724  -1.15
     4.125   6.779  -2.654
      3.78   6.481  -2.702
     4.441   6.231  -1.79
     5.527   6.09  -0.5635
     3.925   6.015  -2.09
     3.854   6.061  -2.207
     3.205   7.016  -3.81
     4.938   6.686  -1.748
     1.227   7.671  -6.445
     3.032   3.272  -0.2403
     4.139   3.183  0.9566
     3.915   3.128  0.787
    0.1639   3.051  -2.887
     2.992   2.957  0.03516
     2.401   3.012  -0.6116
     2.356   4.086  -1.73
     3.826   3.923  -0.09696
     4.155   3.775  0.3802
     2.629   3.673  -1.044
     3.293   3.602  -0.309
      2.65   3.503  -0.853
     2.873   5.514  -2.641
     3.641   5.281  -1.641
     4.365   5.065  -0.6996
     7.565   4.869  2.696
      2.28   4.7  -2.42
     2.183   4.607  -2.424
     3.773   5.934  -2.16
     3.018   5.697  -2.678
     3.533   3.857  -0.3239
     3.523   3.687  -0.1637
      4.87   3.501  1.369
     5.815   3.307  2.508
     3.951   3.027  0.9239
     5.185   2.788  2.398
     2.175   2.895  -0.7194
      2.41   2.752  -0.342
     4.209   2.717  1.493
     3.871   2.509  1.363
     3.535   2.363  1.172
     3.268   2.251  1.017
     4.221   2.157  2.064
     3.634   4.864  -1.23
     3.443   4.651  -1.208
     2.062   4.226  -2.164
     3.928   4.095  -0.1672
     3.047   4.031  -0.984
     5.898   3.494  2.403
     3.809   3.367  0.4421
     3.691   3.323  0.3684
      3.98   3.26  0.7202
     3.571   3.243  0.3274
     5.333   3.217  2.116
     2.233   4.272  -2.039
     2.216   4.141  -1.925
  -0.08551   4.679  -4.765
     3.536   4.505  -0.9691
     5.346   4.242  1.105
     3.921   4.1  -0.1786
     4.205   4.031  0.1743
     3.314   6.189  -2.876
     4.598   5.932  -1.333
     2.837   5.728  -2.891
     3.413   5.493  -2.08
     4.418   6.062  -1.644
     5.733   5.726  0.006408
     4.826   5.437  -0.6113
     5.107   5.262  -0.1544
      4.07   5.081  -1.011
     4.722   4.842  -0.1201
   -0.8456   4.098  -4.943
     1.629   3.91  -2.281
     2.389   3.823  -1.434
     2.403   3.697  -1.293
     4.484   3.58  0.9046
     2.745   3.489  -0.7431
     2.797   3.97  -1.173
     3.371   3.771  -0.3994
     4.877   3.606  1.271
     9.973   3.608  6.365
     4.229   3.718  0.5112
     3.747   5.508  -1.761
     4.038   5.042  -1.004
      5.17   4.619  0.5514
     2.354   4.422  -2.068
      2.65   4.395  -1.745
     6.465   6.372  0.09334
     2.845   4.146  -1.301
     2.647   4.04  -1.392
     2.701   3.935  -1.234
     2.849   3.837  -0.9879
     3.141   3.755  -0.6147
     2.936   3.677  -0.7417
     4.236   4.093  0.1423
     4.112   3.976  0.1353
     4.806   5.207  -0.401
     4.292   4.886  -0.5935
     5.177   4.448  0.7293
     4.011   3.548  0.4627
     4.201   3.501  0.7004
     2.037   3.941  -1.905
     3.541   3.868  -0.327
    0.9317   3.773  -2.842
     8.216   4.922  3.294
     7.268   3.963  3.306
     9.022   3.997  5.025
     3.029   3.795  -0.7657
     1.762   3.527  -1.765
     3.007   3.315  -0.3079
     3.149   3.157  -0.008683
     4.429   3.086  1.343
     2.862   3.086  -0.2241
     4.678   6.246  -1.568
     6.801   6.109  0.6925
     5.539   5.94  -0.4017
     6.861   5.775  1.086
     7.392   5.611  1.782
     5.287   4.343  0.9446
       4.2   4.069  0.1311
     2.258   3.905  -1.647
      4.97   3.814  1.157
     5.281   3.723  1.557
     3.828   3.529  0.2984
     6.063   3.736  2.328
     2.773   3.54  -0.7665
     3.084   3.353  -0.2693
      6.19   3.208  2.983
     2.472   4.386  -1.914
    0.8203   4.176  -3.355
     4.615   4.036  0.5788
     3.116   3.977  -0.8614
    0.6428   3.914  -3.271
     3.226   3.838  -0.612
     5.165   6.515  -1.35
     8.574   6.408  2.167
     6.208   6.352  -0.1438
      10.7   6.304  4.393
     9.355   6.249  3.106
     6.901   3.243  3.658
     6.747   3.041  3.706
     3.221   2.901  0.3197
     6.073   2.786  3.287
      7.59   2.673  4.917
     8.651   3.277  5.374
     8.853   3.146  5.707
     4.844   2.589  2.255
     4.823   2.927  1.896
     3.797   2.811  0.9863
     4.331   3.254  1.077
     3.422   3.139  0.2832
     2.917   3.053  -0.1365
     2.632   2.983  -0.3514
     3.866   2.948  0.9181
     3.718   5.845  -2.128
     4.801   5.756  -0.9545
     4.696   5.644  -0.9485
     5.152   5.563  -0.4117
      5.09   4.193  0.8978
     4.118   3.954  0.1638
     3.352   3.696  -0.3438
     2.844   5.147  -2.303
      3.38   5.07  -1.69
     2.936   4.936  -2.001
     4.858   4.833  0.02559
     5.053   4.797  0.256
     3.778   4.757  -0.9791
     6.678   4.311  2.367
     7.381   3.976  3.405
     4.811   3.258  1.554
    -7.015   0.7475  -7.763
    -1.842   0.7121  -2.554
    -1.232   0.6516  -1.884
   -0.5691   0.5261  -1.095
    0.9295   0.485  0.4445
   -0.2369   0.4489  -0.6858
     1.442   1.93  -0.4878
     3.383   1.857  1.526
     2.906   1.705  1.201
 -0.003743   1.571  -1.575
    0.6429   1.511  -0.8681
    -3.738   2.295  -6.033
     2.844   4.029  -1.185
   -0.2572   3.164  -3.421
    0.7969   2.995  -2.198
    0.8426   2.84  -1.998
     1.477   2.73  -1.253
     2.372   2.663  -0.291
     4.175   3.669  0.5058
     3.038   3.573  -0.5357
     2.864   3.438  -0.5744
     2.588   3.189  -0.6008
     4.587   3.089  1.498
   -0.1058   2.487  -2.593
     1.098   2.402  -1.304
     1.285   2.338  -1.053
     2.069   2.342  -0.2735
     3.642   2.311  1.331
     2.452   2.292  0.1603
     3.024   3.665  -0.6407
     3.426   3.574  -0.1477
      7.45   3.418  4.033
  -0.05175   1.286  -1.338
     3.965   2.703  1.262
     5.478   2.559  2.919
     3.148   2.415  0.7333
     3.859   2.316  1.543
     3.991   2.331  1.66
      5.66   2.313  3.347
     2.177   4.292  -2.116
     2.861   4.19  -1.329
      3.27   4.12  -0.8499
     4.065   4.126  -0.06068
    -1.871   4.165  -6.037
     7.518   4.129  3.389
     1.981   1.411  0.5705
     2.215   1.221  0.9941
     2.347   1.097  1.25
     4.314   0.9755  3.338
     3.576   0.8464  2.729
     3.166   2.005  1.161
     1.803   1.739  0.0636
       4.2   2.83  1.37
     3.522   2.656  0.8667
      3.28   2.51  0.7707
     2.619   2.337  0.2819
     1.989   2.24  -0.2509
     2.699   2.175  0.5242
     3.371   3.658  -0.2869
     2.676   3.547  -0.8716
     2.095   3.328  -1.232
     4.564   3.192  1.372
     4.132   3.218  0.9145
     3.277   3.208  0.06924
      2.94   4.181  -1.241
     2.727   4.005  -1.278
     3.097   3.941  -0.8446
     2.601   3.897  -1.296
     5.509   3.752  1.757
     4.496   3.674  0.8225
      1.55   1.392  0.1579
     2.345   1.305  1.039
     2.692   1.187  1.504
     2.272   1.134  1.138
     1.847   1.149  0.6981
   -0.2572   1.1  -1.357
     1.645   3.033  -1.387
     2.216   3.092  -0.8753
     2.714   3.207  -0.4929
     2.631   3.137  -0.5059
    0.7313   2.054  -1.323
    0.3416   2.07  -1.728
     1.759   2.104  -0.345
     1.534   2.132  -0.5985
     1.427   2.075  -0.6476
     1.205   2.105  -0.8997
    0.7596   3.091  -2.332
     2.028   3.061  -1.033
     2.303   3.361  -1.058
     3.324   3.155  0.169
     3.458   3.071  0.3863
     2.832   3.021  -0.1886
     3.013   2.993  0.01986
    -21.32   1.647  -22.97
    -1.357   1.593  -2.95
    -5.245   1.556  -6.801
     1.099   0.8221  0.2766
    0.9196   0.7946  0.125
     3.319   0.7626  2.557
      3.35   0.6875  2.663
     2.679   0.6278  2.052
     3.805   0.6064  3.199
   -0.6995   1.874  -2.573
    0.9651   1.746  -0.7806
    0.4177   1.584  -1.166
      1.83   1.579  0.2513
     4.519   1.532  2.987
     1.452   1.53  -0.07732
    0.4288   1.402  -0.9734
      1.59   2.044  -0.4544
     1.816   1.982  -0.1653
     2.483   1.987  0.4956
     3.577   1.975  1.602
      2.49   2.184  0.306
     1.011   2.111  -1.1
    0.8623   1.977  -1.114
    -5.627   1.044  -6.671
     5.241   0.9693  4.272
    -2.116   0.9665  -3.082
    -6.361   0.9731  -7.334
    0.7938   1.578  -0.7839
     1.962   1.533  0.429
    0.4731   2.248  -1.775
    0.4091   2.091  -1.681
    0.4927   2.029  -1.537
     1.552   2.044  -0.4925
     1.626   2.019  -0.393
     1.816   2.044  -0.2277
    0.5134   2.136  -1.623
     1.269   1.727  -0.4578
     2.904   2.169  0.7354
     1.193   2.168  -0.9754
   -0.5327   1.762  -2.294
      1.19   1.651  -0.4609
    0.5233   1.583  -1.059
     1.393   1.558  -0.1644
     4.253   1.571  2.682
    -1.653   0.5278  -2.18
    0.2556   2.058  -1.802
     1.164   2.039  -0.8756
     3.046   2.048  0.9981
    -2.514   2.125  -4.639
    0.2596   2.125  -1.866
     2.396   2.1  0.2969
    0.9951   1.114  -0.119
     1.371   1.14  0.231
     5.331   1.553  3.778
      2.82   1.735  1.086
      4.93   1.839  3.091
     2.783   1.912  0.8709
     2.246   1.732  0.5136
    0.6688   1.706  -1.037
    0.8904   1.73  -0.8396
     1.871   1.758  0.1127
     1.039   2.139  -1.1
     1.412   2.008  -0.5963
     2.223   1.931  0.2914
     2.745   1.902  0.8424
     1.627   1.854  -0.2273
     2.062   1.774  0.2881
     1.775   1.913  -0.1384
     2.236   1.844  0.3928
   -0.8694   1.453  -2.322
     1.617   1.343  0.2732
     2.628   1.295  1.334
     1.901   1.297  0.6041
    0.2249   1.552  -1.327
    0.8062   1.438  -0.6319
   -0.7373   1.398  -2.135
    0.4472   1.337  -0.8895
    -1.338   1.253  -2.591
    0.2015   1.159  -0.9578
     0.435   1.65  -1.215
     2.528   1.595  0.9326
    0.6482   1.596  -0.9479
     0.619   1.595  -0.976
     1.749   1.574  0.1747
    0.3643   1.552  -1.187
   -0.7563   2.181  -2.937
     1.008   1.679  -0.671
     1.593   1.416  0.177
    -2.168   1.057  -3.225
   -0.2242   0.8755  -1.1
   -0.3709   1.951  -2.322
   -0.6912   1.926  -2.617
     1.218   1.929  -0.7113
     1.532   1.864  -0.3317
     1.201   1.759  -0.5583
   -0.1245   1.087  -1.211
    -1.468   1.756  -3.223
     3.999   1.715  2.284
     1.055   1.589  -0.5337
    -1.302   1.431  -2.734
   -0.2083   1.377  -1.585
    0.3893   2.227  -1.837
     2.789   2.123  0.6654
     2.455   2.044  0.4114
     1.655   1.872  -0.2166
     3.542   1.832  1.709
     2.513   1.792  0.7214
    0.5034   0.9796  -0.4762
     1.905   2.645  -0.7391
     2.153   3.441  -1.288
      2.51   3.339  -0.8288
     1.984   3.356  -1.372
     2.083   3.216  -1.133
     1.125   1.629  -0.5043
   -0.3066   1.551  -1.858
     1.107   1.487  -0.3799
    0.7953   1.51  -0.7143
     1.021   1.528  -0.5069
   -0.1049   1.492  -1.597
     2.435   2.712  -0.2768
     4.152   2.498  1.654
     2.879   2.345  0.5336
     2.433   2.234  0.1989
     2.129   2.201  -0.07217
     1.691   2.161  -0.4702
     15.18   2.744  12.44
     1.734   2.802  -1.069
     2.347   2.684  -0.337
    0.8121   4.838  -4.025
     3.362   4.675  -1.313
     5.014   4.518  0.4965
     3.696   4.388  -0.6912
     6.112   4.218  1.893
     3.138   4.252  -1.115
     3.401   2.656  0.7442
     2.997   2.715  0.2821
     1.554   2.78  -1.226
     3.987   3.062  0.9251
     2.306   4.432  -2.126
     1.011   1.418  -0.4073
     2.896   4.8  -1.905
     4.163   4.72  -0.5567
     2.533   4.721  -2.188
     6.132   4.373  1.759
     5.368   4.14  1.229
     4.509   3.557  0.9519
     2.081   3.326  -1.245
     2.868   3.248  -0.3802
     3.647   3.189  0.4577
     3.716   4.136  -0.4204
     4.021   3.788  0.2322
     0.766   1.792  -1.026
     1.957   0.9031  1.054
    0.3165   0.8021  -0.4856
     1.885   2.054  -0.1694
     5.575   1.468  4.107
     2.753   2.016  0.7364
     4.781   1.943  2.838
     3.249   1.925  1.323
     1.399   1.885  -0.4863
     2.994   5.123  -2.129
      4.25   5.012  -0.7619
     2.557   5.97  -3.413
     6.323   5.772  0.5514
     12.12   4.285  7.838
     5.574   4.031  1.544
     1.821   1.685  0.1365
    -1.823   1.66  -3.483
    -4.334   1.57  -5.903
    0.6592   1.544  -0.8847
    -0.972   1.699  -2.671
    0.6448   1.761  -1.116
   -0.3241   1.737  -2.061
     1.254   4.159  -2.905
     6.713   5.729  0.9841
     5.559   5.59  -0.03149
     7.612   4.951  2.661
     4.378   4.837  -0.4594
     3.071   1.79  1.281
     1.551   1.672  -0.1206
     3.603   4.253  -0.65
     4.585   4.046  0.5388
     5.921   4.337  1.584
     2.198   2.243  -0.04465
     4.612   4.194  0.4183
     4.692   4.002  0.6901
     5.557   3.888  1.669
     4.431   3.721  0.7101
     3.774   3.613  0.1609
     4.116   3.595  0.5207
     4.971   4.499  0.4729
     4.733   4.365  0.3677
     5.022   4.271  0.7512
     5.217   4.241  0.9761
     4.795   4.193  0.6018
     5.813   4.132  1.681
    -1.266   1.226  -2.492
   -0.9052   1.096  -2.001
   -0.1476   1.087  -1.234
    -3.151   1.006  -4.157
     14.46   0.9016  13.56
    0.4439   2.11  -1.666
     1.388   2.009  -0.6208
   -0.3235   1.895  -2.219
     1.425   1.831  -0.4064
     1.338   1.794  -0.4565
     2.304   1.73  0.5743
   -0.3073   1.834  -2.141
     3.669   7.044  -3.375
     4.974   6.691  -1.717
      10.3   6.434  3.866
     9.515   6.236  3.278
     8.175   6.116  2.06
     5.487   5.929  -0.4417
     4.124   5.263  -1.138
     3.939   5.37  -1.431
     2.798   5.402  -2.605
     3.776   5.565  -1.789
     6.722   5.827  0.8946
     2.254   3.892  -1.638
     2.137   3.459  -1.322
     1.985   3.251  -1.266
     3.498   3.108  0.3902
       2.9   3.959  -1.06
     4.807   3.299  1.508
     3.772   3.093  0.6795
     3.151   2.023  1.128
     5.175   1.871  3.305
    0.4837   1.642  -1.158
     4.826   1.469  3.357
     1.776   1.342  0.4335
      1.77   1.22  0.5502
     5.057   7.267  -2.21
     6.521   7.11  -0.5897
     6.299   6.934  -0.6357
     9.947   6.839  3.107
     7.958   6.778  1.18
      11.3   6.712  4.592
   -0.5434   2.849  -3.393
     2.388   2.604  -0.2168
     6.928   2.412  4.516
     1.764   2.281  -0.5165
   0.01663   2.055  -2.039
     1.845   1.877  -0.03122
     1.858   2.33  -0.4719
     3.124   2.059  1.065
     12.19   1.814  10.37
    0.5313   1.618  -1.086
   -0.4706   1.525  -1.996
     4.426   1.476  2.95
   -0.3064   2.689  -2.995
    -0.973   2.509  -3.482
    -1.046   2.316  -3.362
     10.61   2.271  8.341
     11.21   2.073  9.137
     2.287   1.905  0.3824
     7.085   1.839  5.246
    0.6257   2.265  -1.64
     2.997   2.078  0.9193
      11.9   1.877  10.02
     2.533   1.721  0.812
    0.8102   3.606  -2.796
     4.628   3.338  1.29
     8.451   6.122  2.329
     5.652   6.017  -0.3643
     9.191   5.899  3.292
     6.982   5.819  1.163
     8.031   5.758  2.272
     8.647   5.602  3.044
     3.356   2.717  0.639
     2.154   2.395  -0.2406
     3.919   2.116  1.803
     2.909   1.907  1.002
     2.272   1.726  0.5458
     2.739   1.631  1.108
    -7.387   3.923  -11.31
      3.57   4.118  -0.5483
      1.74   4.118  -2.377
     3.499   4.104  -0.6055
     2.609   6.619  -4.01
     6.165   7.706  -1.54
    -1.746   1.559  -3.304
     5.446   2.538  2.908
     12.32   4.73  7.594
      15.5   4.306  11.19
      12.8   3.981  8.818
     12.14   3.904  8.231
     4.483   3.778  0.7057
     3.277   2.699  0.5784
     2.614   2.505  0.1084
     8.752   3.327  5.424
     2.434   5.193  -2.759
     4.168   4.935  -0.7669
     4.288   4.776  -0.4887
     3.315   3.925  -0.6097
     2.974   3.569  -0.5956
     3.164   3.303  -0.1396
     4.612   3.098  1.514
     3.624   2.926  0.6982
     5.514   2.766  2.749
     1.336   4.339  -3.003
     3.132   3.927  -0.7948
     3.722   3.642  0.07995
     3.489   3.32  0.1692
     3.162   3.061  0.1003
     2.663   2.895  -0.232
     2.568   4.086  -1.518
     4.712   3.776  0.9365
     3.379   3.536  -0.1574
     3.032   3.239  -0.2063
      5.94   3.022  2.917
     3.528   2.851  0.6773
     2.469   3.007  -0.5383
     1.447   2.808  -1.361
     4.027   2.668  1.359
     3.825   2.589  1.236
    0.8255   2.409  -1.584
     3.702   2.248  1.454
     3.346   4.052  -0.7061
     6.358   3.813  2.545
     4.594   3.492  1.101
     4.497   3.386  1.11
     3.088   3.248  -0.1599
