Iter=    0   Nvars=    3   Nodes=  1 x  1
  0.49723
  0.49717
  0.49948
Iter=    0   Nvars=    3   Nodes=  1 x  1
  0.35624
  0.33012
  0.04516
Iter=    0   Nvars=    3   Nodes=  1 x  1
  0.35624
  0.33012
  0.04516
Iter=    0   Nvars=    3   Nodes=  1 x  1
  0.35624
  0.33012
  0.04516
Iter=    0   Nvars=    3   Nodes=  1 x  1
  0.35624
  0.33012
  0.04516
Iter=    0   Nvars=    3   Nodes=  1 x  1
  0.35624
  0.33012
  0.04516
Iter=    0   Nvars=    3   Nodes=  1 x  1
  0.35624
  0.33012
  0.04516
Iter=    0   Nvars=    3   Nodes=  1 x  1
  0.35624
  0.33012
  0.04516
Iter=    0   Nvars=    3   Nodes=  1 x  1
  0.35624
  0.33012
  0.04516
Iter=    0   Nvars=    3   Nodes=  1 x  1
  0.35624
  0.33012
  0.04516
Iter=    0   Nvars=    3   Nodes=  1 x  1
  0.35624
  0.33012
  0.04516
Iter=    0   Nvars=    3   Nodes=  1 x  1
  0.35624
  0.33012
  0.04516
Iter=    0   Nvars=    3   Nodes=  1 x  1
  0.35624
  0.33012
  0.04516
Iter=    0   Nvars=    3   Nodes=  1 x  1
  0.35624
  0.33012
  0.04516
Iter=    0   Nvars=    3   Nodes=  1 x  1
  0.35624
  0.33012
  0.04516
Iter=    0   Nvars=    3   Nodes=  1 x  1
  0.35624
  0.33012
  0.04516
Iter=    0   Nvars=    3   Nodes=  1 x  1
  0.35624
  0.33012
  0.04516
Iter=    0   Nvars=    3   Nodes=  1 x  1
  0.35624
  0.33012
  0.04516
Iter=    0   Nvars=    3   Nodes=  1 x  1
  0.35624
  0.33012
  0.04516
Iter=    0   Nvars=    3   Nodes=  1 x  1
  0.35624
  0.33012
  0.04516
Iter=    0   Nvars=    3   Nodes=  1 x  1
  0.35624
  0.33012
  0.04516
Iter=    0   Nvars=    3   Nodes=  1 x  1
  0.35624
  0.33012
  0.04516
Iter=    0   Nvars=    3   Nodes=  1 x  1
  0.35624
  0.33012
  0.04516
Iter=    0   Nvars=    3   Nodes=  1 x  1
  0.35624
  0.33012
  0.04516
Iter=    0   Nvars=    3   Nodes=  1 x  1
  0.35624
  0.33012
  0.04516
Iter=    0   Nvars=    3   Nodes=  1 x  1
  0.35624
  0.33012
  0.04516
Iter=    0   Nvars=    3   Nodes=  1 x  1
  0.35624
  0.33012
  0.04516
Iter=    0   Nvars=    3   Nodes=  1 x  1
  0.35624
  0.33012
  0.04516
Iter=    0   Nvars=    3   Nodes=  1 x  1
  0.35624
  0.33012
  0.04516
Iter=    0   Nvars=    3   Nodes=  1 x  1
  0.35624
  0.33012
  0.04516
Iter=    0   Nvars=    3   Nodes=  1 x  1
  0.35624
  0.33012
  0.04516
Iter=    0   Nvars=    3   Nodes=  1 x  1
  0.35624
  0.33012
  0.04516
Iter=    0   Nvars=    3   Nodes=  1 x  1
  0.35624
  0.33012
  0.04516
Iter=    0   Nvars=    3   Nodes=  1 x  1
  0.35624
  0.33012
  0.04516
Iter=    0   Nvars=    3   Nodes=  1 x  1
  0.35624
  0.33012
  0.04516
Iter=    0   Nvars=    3   Nodes=  1 x  1
  0.35624
  0.33012
  0.04516
Iter=    0   Nvars=    3   Nodes=  1 x  1
  0.35624
  0.33012
  0.04516
Iter=    0   Nvars=    3   Nodes=  1 x  1
  0.35624
  0.33012
  0.04516
Iter=    0   Nvars=    3   Nodes=  1 x  1
  0.35624
  0.33012
  0.04516
Iter=    0   Nvars=    3   Nodes=  1 x  1
  0.35624
  0.33012
  0.04516
Iter=    0   Nvars=    3   Nodes=  1 x  1
  0.35624
  0.33012
  0.04516
Iter=    0   Nvars=    3   Nodes=  1 x  1
  0.35624
  0.33012
  0.04516
Iter=    0   Nvars=    3   Nodes=  1 x  1
  0.35624
  0.33012
  0.04516
Iter=    0   Nvars=    3   Nodes=  1 x  1
  0.35624
  0.33012
  0.04516
Iter=    0   Nvars=    3   Nodes=  1 x  1
  0.35624
  0.33012
  0.04516
Iter=    0   Nvars=    3   Nodes=  1 x  1
  0.35624
  0.33012
  0.04516
Iter=    0   Nvars=    3   Nodes=  1 x  1
  0.35624
  0.33012
  0.04516
Iter=    0   Nvars=    3   Nodes=  1 x  1
  0.35624
  0.33012
  0.04516
Iter=    0   Nvars=    3   Nodes=  1 x  1
  0.35624
  0.33012
  0.04516
Iter=    0   Nvars=    3   Nodes=  1 x  1
  0.35624
  0.33012
  0.04516
Iter=    0   Nvars=    3   Nodes=  1 x  1
  0.35624
  0.33012
  0.04516
