
0  0  0  0.500000  0.500000  0.504169
20  0  0  0.500000  0.480000  0.000886
40  0  0  0.500000  0.460000  0.001008
60  0  0  0.500000  0.440000  0.001156
80  0  0  0.500000  0.420000  0.001335
100  0  0  0.500000  0.400000  0.001554
120  0  0  0.500000  0.380000  0.001822
140  0  0  0.500000  0.360000  0.002151
160  0  0  0.500000  0.340000  0.002559
180  0  0  0.500000  0.320000  0.003063
200  0  0  0.500000  0.300000  0.003689
220  0  0  0.500000  0.280000  0.004467
240  0  0  0.500000  0.260000  0.005431
260  0  0  0.500000  0.240000  0.006620
280  0  0  0.500000  0.220000  0.008075
300  0  0  0.500000  0.200000  0.009830
320  0  0  0.500000  0.180000  0.011902
340  0  0  0.500000  0.160000  0.014262
360  0  0  0.500000  0.140000  0.016798
380  0  0  0.500000  0.120000  0.019251
400  0  0  0.500000  0.100000  0.021127
420  0  0  0.500000  0.080000  0.021572
440  0  0  0.500000  0.060000  0.019075
460  0  0  0.500000  0.040000  0.010948
480  0  0  0.500000  0.020000  0.013908