2.50525  2.48128
2.47703  2.47718
2.47408  2.47515
2.47228  2.47353
2.47082  2.47218
2.46961  2.47104
2.46858  2.47008
2.46772  2.46927
2.46698  2.46858
2.46636  2.46799
2.46582  2.46748
2.46536  2.46704
2.46496  2.46666
2.46461  2.46633
2.4643  2.46603
2.46403  2.46577
2.46379  2.46553
2.46357  2.46532
2.46337  2.46512
2.4632  2.46495
2.46303  2.46479
2.46288  2.46463
2.46274  2.46449
2.4626  2.46436
2.46248  2.46424
2.46236  2.46412
2.46225  2.464
2.46215  2.4639
2.46204  2.46379
2.46195  2.4637
2.46186  2.4636
2.46177  2.46351
2.46168  2.46343
2.4616  2.46334
2.46152  2.46326
2.46145  2.46318
2.46137  2.46311
2.4613  2.46303
2.46123  2.46296
2.46116  2.46289
2.4611  2.46283
2.46103  2.46276
2.46097  2.4627
2.46092  2.46264
2.46086  2.46258
2.4608  2.46252
2.46075  2.46247
2.4607  2.46241
2.46065  2.46236
2.4606  2.46231
2.46055  2.46226
2.4605  2.46221
2.46046  2.46217
2.46042  2.46212
2.46037  2.46208
2.46033  2.46204
2.46029  2.462
2.46025  2.46196
2.46022  2.46192
2.46018  2.46188
2.46015  2.46185
2.46011  2.46181
2.46008  2.46178
2.46005  2.46174
2.46002  2.46171
2.45999  2.46168
2.45996  2.46165
2.45993  2.46162
2.4599  2.46159
2.45988  2.46156
2.45985  2.46154
2.45983  2.46151
2.4598  2.46149
2.45978  2.46146
2.45976  2.46144
2.45973  2.46142
2.45971  2.46139
2.45969  2.46137
2.45967  2.46135
2.45965  2.46133
2.45963  2.46131
2.45962  2.46129
2.4596  2.46128
2.45958  2.46126
2.45956  2.46124
2.45955  2.46122
2.45953  2.46121
2.45952  2.46119
2.4595  2.46118
2.45949  2.46116
2.45948  2.46115
2.45946  2.46113
2.45945  2.46112
2.45944  2.46111
2.45942  2.46109
2.45941  2.46108
2.4594  2.46107
2.45939  2.46106
2.45938  2.46104
2.45937  2.46103
2.45936  2.46102
2.45935  2.46101
2.45934  2.461
2.45933  2.46099
2.45932  2.46098
2.45931  2.46097
2.4593  2.46097
2.4593  2.46096
2.45929  2.46095
2.45928  2.46094
2.45928  2.46093
2.45927  2.46092
2.45926  2.46092
2.45925  2.46091
2.45924  2.4609
2.45924  2.4609
2.45923  2.46089
2.45923  2.46088
2.45922  2.46088
2.45922  2.46087
2.45921  2.46087
2.4592  2.46086
2.4592  2.46085
2.4592  2.46085
2.45919  2.46084
2.45918  2.46084
2.45918  2.46083
2.45918  2.46083
2.45917  2.46083
2.45917  2.46082
2.45916  2.46082
2.45916  2.46081
2.45916  2.46081
2.45915  2.4608
2.45915  2.4608
2.45915  2.4608
2.45914  2.46079
2.45914  2.46079
2.45914  2.46079
2.45913  2.46078
2.45913  2.46078
2.45913  2.46078
2.45912  2.46078
2.45912  2.46077
2.45912  2.46077
2.45912  2.46077
2.45912  2.46076
2.45911  2.46076
2.45911  2.46076
2.45911  2.46076
2.45911  2.46076
2.45911  2.46075
2.4591  2.46075
2.4591  2.46075
2.4591  2.46075
2.4591  2.46075
2.4591  2.46074
2.4591  2.46074
2.45909  2.46074
2.45909  2.46074
2.45909  2.46074
2.45909  2.46074
2.45909  2.46073
2.45909  2.46073
2.45909  2.46073
2.45909  2.46073
2.45908  2.46073
2.45908  2.46073
2.45908  2.46073
2.45908  2.46073
2.45908  2.46072
2.45908  2.46072
2.45908  2.46072
2.45908  2.46072
2.45908  2.46072
2.45908  2.46072
2.45907  2.46072
2.45907  2.46072
2.45907  2.46072
2.45907  2.46072
2.45907  2.46072
2.45907  2.46072
2.45907  2.46072
2.45907  2.46072
2.45907  2.46072
2.45907  2.46072
2.45907  2.46072
2.45907  2.46072
2.45907  2.46071
2.45907  2.46071
2.45907  2.46071
2.45907  2.46071
2.45907  2.46071
2.45907  2.46071
2.45907  2.46071
2.45907  2.46071
2.45907  2.46071
2.45907  2.46071
2.45907  2.46071
2.45907  2.46071
2.45907  2.46071
2.45907  2.46071
2.45907  2.46071
2.45907  2.46071
2.45907  2.46071
2.45907  2.46071
2.45907  2.46071
2.45907  2.46071
2.45907  2.46071
2.45907  2.46071
2.45907  2.46071
2.45907  2.46071
2.45907  2.46071
2.45907  2.46071
2.45907  2.46071
2.45907  2.46071
2.45907  2.46071
2.45907  2.46071
2.45907  2.46071
2.45907  2.46072
2.45907  2.46072
2.45907  2.46072
2.45907  2.46072
2.45907  2.46072
2.45907  2.46072
2.45907  2.46072
2.45907  2.46072
2.45907  2.46072
2.45907  2.46072
2.45908  2.46072
2.45908  2.46072
2.45908  2.46072
2.45908  2.46072
2.45908  2.46072
2.45908  2.46072
2.45908  2.46072
2.45908  2.46072
2.45908  2.46072
2.45908  2.46072
2.45908  2.46072
2.45908  2.46073
2.45908  2.46073
2.45908  2.46073
2.45908  2.46073
2.45908  2.46073
2.45908  2.46073
2.45908  2.46073
2.45909  2.46073
2.45909  2.46073
2.45909  2.46073
2.45908  2.46073
2.45909  2.46073
2.45909  2.46073
2.45909  2.46073
2.45909  2.46073
2.45909  2.46073
2.45909  2.46074
2.45909  2.46074
2.45909  2.46074
2.45909  2.46074
2.45909  2.46074
2.45909  2.46074
2.45909  2.46074
2.45909  2.46074
2.45909  2.46074
2.45909  2.46074
2.4591  2.46074
2.4591  2.46074
2.4591  2.46074
2.4591  2.46074
2.4591  2.46074
2.4591  2.46075
2.4591  2.46074
2.4591  2.46075
2.4591  2.46075
2.4591  2.46075
2.4591  2.46075
2.4591  2.46075
2.4591  2.46075
2.4591  2.46075
2.4591  2.46075
2.4591  2.46075
2.45911  2.46075
2.45911  2.46075
2.45911  2.46075
2.45911  2.46076
2.45911  2.46076
2.45911  2.46076
2.45911  2.46076
2.45911  2.46076
2.45911  2.46076
2.45911  2.46076
2.45911  2.46076
2.45911  2.46076
2.45911  2.46076
2.45911  2.46076
2.45912  2.46076
2.45912  2.46076
2.45912  2.46076
2.45912  2.46077
2.45912  2.46077
2.45912  2.46077
2.45912  2.46077
2.45912  2.46077
2.45912  2.46077
2.45912  2.46077
2.45912  2.46077
2.45912  2.46077
2.45912  2.46077
2.45912  2.46077
2.45912  2.46077
2.45913  2.46077
2.45913  2.46077
2.45913  2.46077
2.45913  2.46077
2.45913  2.46078
2.45913  2.46078
2.45913  2.46078
2.45913  2.46078
2.45913  2.46078
2.45913  2.46078
2.45913  2.46078
2.45913  2.46078
2.45913  2.46078
2.45913  2.46078
2.45913  2.46078
2.45913  2.46078
2.45913  2.46079
2.45914  2.46079
2.45914  2.46079
2.45914  2.46079
2.45914  2.46079
2.45914  2.46079
2.45914  2.46079
2.45914  2.46079
2.45914  2.46079
2.45914  2.46079
2.45914  2.46079
2.45914  2.46079
2.45914  2.46079
2.45914  2.4608
2.45915  2.4608
2.45915  2.46079
2.45915  2.4608
2.45915  2.4608
2.45915  2.4608
2.45915  2.4608
2.45915  2.4608
2.45915  2.4608
2.45915  2.4608
2.45915  2.4608
2.45915  2.4608
2.45915  2.4608
2.45915  2.4608
2.45915  2.4608
2.45915  2.4608
2.45915  2.4608
2.45916  2.46081
2.45916  2.46081
2.45916  2.46081
2.45916  2.46081
2.45916  2.46081
2.45916  2.46081
2.45916  2.46081
2.45916  2.46081
2.45916  2.46081
2.45916  2.46081
2.45916  2.46081
2.45916  2.46081
2.45916  2.46082
2.45916  2.46081
2.45916  2.46081
2.45916  2.46082
2.45916  2.46082
2.45916  2.46082
2.45917  2.46082
2.45917  2.46082
2.45917  2.46082
2.45917  2.46082
2.45917  2.46082
2.45917  2.46082
2.45917  2.46082
2.45917  2.46082
2.45917  2.46082
2.45917  2.46082
2.45917  2.46082
2.45917  2.46083
2.45917  2.46083
2.45917  2.46083
2.45917  2.46083
2.45918  2.46083
2.45918  2.46083
2.45918  2.46083
2.45918  2.46083
2.45918  2.46083
2.45918  2.46083
2.45918  2.46083
2.45918  2.46083
2.45918  2.46083
2.45918  2.46083
2.45918  2.46083
2.45918  2.46083
2.45918  2.46084
2.45918  2.46084
2.45918  2.46084
2.45918  2.46084
2.45918  2.46084
2.45918  2.46084
2.45919  2.46084
2.45919  2.46084
2.45919  2.46084
2.45919  2.46084
2.45919  2.46084
2.45919  2.46084
2.45919  2.46084
2.45919  2.46084
2.45919  2.46084
2.45919  2.46085
2.45919  2.46084
2.45919  2.46084
2.45919  2.46085
2.45919  2.46085
2.45919  2.46085
2.45919  2.46085
2.45919  2.46085
2.45919  2.46085
2.45919  2.46085
2.45919  2.46085
2.4592  2.46085
2.4592  2.46085
2.4592  2.46085
2.4592  2.46085
2.4592  2.46085
2.4592  2.46085
2.4592  2.46085
2.4592  2.46086
2.4592  2.46086
2.4592  2.46086
2.4592  2.46086
2.4592  2.46086
2.4592  2.46086
2.4592  2.46086
2.4592  2.46086
2.4592  2.46086
2.45921  2.46086
2.45921  2.46086
2.45921  2.46086
2.45921  2.46086
2.45921  2.46086
2.45921  2.46086
2.45921  2.46086
2.45921  2.46087
2.45921  2.46086
2.45921  2.46087
2.45921  2.46087
2.45921  2.46087
2.45921  2.46087
2.45921  2.46087
2.45921  2.46087
2.45921  2.46087
2.45921  2.46087
2.45921  2.46087
2.45921  2.46087
2.45921  2.46087
2.45922  2.46087
2.45922  2.46087
2.45922  2.46087
2.45922  2.46087
2.45922  2.46087
2.45922  2.46087
2.45922  2.46087
2.45922  2.46087
2.45922  2.46087
2.45922  2.46087
2.45922  2.46088
2.45922  2.46088
2.45922  2.46088
2.45922  2.46088
2.45922  2.46088
2.45922  2.46088
2.45922  2.46088
2.45922  2.46088
2.45922  2.46088
2.45922  2.46088
2.45922  2.46088
2.45922  2.46088
2.45922  2.46088
2.45922  2.46088
2.45922  2.46088
2.45923  2.46088
2.45922  2.46088
2.45923  2.46088
2.45923  2.46088
2.45923  2.46088
2.45923  2.46088
2.45923  2.46088
2.45923  2.46088
2.45923  2.46089
2.45923  2.46089
2.45923  2.46089
2.45923  2.46089
